[ 2015-06-14T00:30:09+08:00 ] 121.40.83.80 /
SQL: SHOW COLUMNS FROM `tp_agent` [ RunTime:0.005390s ]
SQL: SELECT * FROM `tp_agent` WHERE ( `siteurl` = 'http://119.29.116.37' ) LIMIT 1   [ RunTime:0.003988s ]
INFO: [ app_begin ] --START--
INFO: Run ReadHtmlCache Behavior [ RunTime:0.000459s ]
INFO: [ app_begin ] --END-- [ RunTime:0.000507s ]
NOTIC: [8] Undefined index: HTTP_USER_AGENT /var/www/html/PigCms/Lib/Action/BaseAction.class.php 第 21 行.
SQL: SHOW COLUMNS FROM `tp_agent` [ RunTime:0.005316s ]
SQL: SELECT * FROM `tp_agent` WHERE ( `siteurl` = 'http://119.29.116.37' ) LIMIT 1   [ RunTime:0.004036s ]
NOTIC: [8] Undefined index: 119.29.116.37nomsite /var/www/html/PigCms/Lib/Action/BaseAction.class.php 第 38 行.
SQL: SHOW COLUMNS FROM `tp_mobilesite` [ RunTime:0.004632s ]
NOTIC: [8] Undefined index: 119.29.116.37 /var/www/html/PigCms/Lib/Action/BaseAction.class.php 第 366 行.
SQL: SELECT * FROM `tp_mobilesite` WHERE ( `owndomain` = '119.29.116.37' ) LIMIT 1   [ RunTime:0.004249s ]
SQL: SELECT * FROM `tp_agent` WHERE ( `siteurl` = 'http://119.29.116.37' ) LIMIT 1   [ RunTime:0.005117s ]
NOTIC: [8] Constant STATICS already defined /var/www/html/PigCms/Lib/Action/BaseAction.class.php 第 119 行.
SQL: SHOW COLUMNS FROM `tp_images` [ RunTime:0.004843s ]
SQL: SELECT * FROM `tp_images` LIMIT 1   [ RunTime:0.004042s ]
NOTIC: [8] Undefined index: showNotice /var/www/html/PigCms/Lib/Action/Home/IndexAction.class.php 第 56 行.
SQL: SHOW COLUMNS FROM `tp_links` [ RunTime:0.004693s ]
SQL: SELECT * FROM `tp_links` WHERE ( `status` = 1 ) AND ( `agentid` = 0 )  [ RunTime:0.003977s ]
SQL: SHOW COLUMNS FROM `tp_renew` [ RunTime:0.004712s ]
SQL: SHOW COLUMNS FROM `tp_banners` [ RunTime:0.004511s ]
SQL: SHOW COLUMNS FROM `tp_case` [ RunTime:0.004786s ]
SQL: SELECT * FROM `tp_renew` WHERE ( `agentid` = 0 ) ORDER BY id DESC LIMIT 5   [ RunTime:0.004012s ]
SQL: SELECT * FROM `tp_banners` WHERE ( `status` = 1 ) AND ( `agentid` = 0 ) ORDER BY id DESC  [ RunTime:0.004489s ]
SQL: SELECT * FROM `tp_case` WHERE ( `status` = 1 ) AND ( `agentid` = 0 ) ORDER BY id DESC LIMIT 10   [ RunTime:0.004038s ]
SQL: SHOW COLUMNS FROM `tp_news` [ RunTime:0.004928s ]
SQL: SELECT * FROM `tp_news` WHERE ( `agentid` = 0 ) LIMIT 1   [ RunTime:0.004163s ]
SQL: SHOW COLUMNS FROM `tp_img` [ RunTime:0.005315s ]
SQL: SELECT * FROM `tp_img` WHERE ( `classid` = null ) ORDER BY id DESC LIMIT 5   [ RunTime:0.004626s ]
SQL: SELECT * FROM `tp_img` WHERE ( `classid` = null ) ORDER BY id DESC LIMIT 5   [ RunTime:0.004029s ]
SQL: SELECT * FROM `tp_img` WHERE ( `classid` = null ) ORDER BY id DESC LIMIT 5   [ RunTime:0.004084s ]
INFO: [ view_template ] --START--
INFO: Run LocationTemplate Behavior [ RunTime:-0.106872s ]
INFO: [ view_template ] --END-- [ RunTime:0.000514s ]
INFO: [ view_parse ] --START--
NOTIC: [8] Use of undefined constant uid - assumed 'uid' /var/www/html/Conf/logs/Cache/Home/e8edd32bcbb2d7ab2f0f8d14c550c52b.php 第 94 行.
NOTIC: [8] Undefined index: uid /var/www/html/Conf/logs/Cache/Home/e8edd32bcbb2d7ab2f0f8d14c550c52b.php 第 94 行.
INFO: Run ParseTemplate Behavior [ RunTime:-0.107463s ]
INFO: [ view_parse ] --END-- [ RunTime:0.023728s ]
INFO: [ view_filter ] --START--
INFO: Run ContentReplace Behavior [ RunTime:-0.131230s ]
INFO: Run TokenBuild Behavior [ RunTime:-0.131533s ]
INFO: Run WriteHtmlCache Behavior [ RunTime:-0.131811s ]
INFO: Run ShowRuntime Behavior [ RunTime:-0.131932s ]
INFO: [ view_filter ] --END-- [ RunTime:0.000951s ]
INFO: [ view_end ] --START--
INFO: Run ShowPageTrace Behavior [ RunTime:-0.132240s ]
INFO: [ view_end ] --END-- [ RunTime:0.000384s ]

[ 2015-06-14T01:31:43+08:00 ] 141.212.122.18 google.com:443
SQL: SHOW COLUMNS FROM `tp_agent` [ RunTime:0.006240s ]
SQL: SELECT * FROM `tp_agent` WHERE ( `siteurl` = 'http://119.29.116.37' ) LIMIT 1   [ RunTime:0.004707s ]
INFO: [ app_begin ] --START--
INFO: Run ReadHtmlCache Behavior [ RunTime:0.000462s ]
INFO: [ app_begin ] --END-- [ RunTime:0.000508s ]
NOTIC: [8] Undefined index: HTTP_USER_AGENT /var/www/html/PigCms/Lib/Action/BaseAction.class.php 第 21 行.
SQL: SHOW COLUMNS FROM `tp_agent` [ RunTime:0.006450s ]
SQL: SELECT * FROM `tp_agent` WHERE ( `siteurl` = 'http://119.29.116.37' ) LIMIT 1   [ RunTime:0.004751s ]
NOTIC: [8] Undefined index: 119.29.116.37nomsite /var/www/html/PigCms/Lib/Action/BaseAction.class.php 第 38 行.
SQL: SHOW COLUMNS FROM `tp_mobilesite` [ RunTime:0.005134s ]
NOTIC: [8] Undefined index: 119.29.116.37 /var/www/html/PigCms/Lib/Action/BaseAction.class.php 第 366 行.
SQL: SELECT * FROM `tp_mobilesite` WHERE ( `owndomain` = '119.29.116.37' ) LIMIT 1   [ RunTime:0.004831s ]
SQL: SELECT * FROM `tp_agent` WHERE ( `siteurl` = 'http://119.29.116.37' ) LIMIT 1   [ RunTime:0.004715s ]
NOTIC: [8] Constant STATICS already defined /var/www/html/PigCms/Lib/Action/BaseAction.class.php 第 119 行.
SQL: SHOW COLUMNS FROM `tp_images` [ RunTime:0.005205s ]
SQL: SELECT * FROM `tp_images` LIMIT 1   [ RunTime:0.005541s ]
NOTIC: [8] Undefined index: showNotice /var/www/html/PigCms/Lib/Action/Home/IndexAction.class.php 第 56 行.
SQL: SHOW COLUMNS FROM `tp_links` [ RunTime:0.006190s ]
SQL: SELECT * FROM `tp_links` WHERE ( `status` = 1 ) AND ( `agentid` = 0 )  [ RunTime:0.004539s ]
SQL: SHOW COLUMNS FROM `tp_renew` [ RunTime:0.005045s ]
SQL: SHOW COLUMNS FROM `tp_banners` [ RunTime:0.005066s ]
SQL: SHOW COLUMNS FROM `tp_case` [ RunTime:0.005089s ]
SQL: SELECT * FROM `tp_renew` WHERE ( `agentid` = 0 ) ORDER BY id DESC LIMIT 5   [ RunTime:0.004645s ]
SQL: SELECT * FROM `tp_banners` WHERE ( `status` = 1 ) AND ( `agentid` = 0 ) ORDER BY id DESC  [ RunTime:0.004834s ]
SQL: SELECT * FROM `tp_case` WHERE ( `status` = 1 ) AND ( `agentid` = 0 ) ORDER BY id DESC LIMIT 10   [ RunTime:0.004595s ]
SQL: SHOW COLUMNS FROM `tp_news` [ RunTime:0.005262s ]
SQL: SELECT * FROM `tp_news` WHERE ( `agentid` = 0 ) LIMIT 1   [ RunTime:0.004649s ]
SQL: SHOW COLUMNS FROM `tp_img` [ RunTime:0.005786s ]
SQL: SELECT * FROM `tp_img` WHERE ( `classid` = null ) ORDER BY id DESC LIMIT 5   [ RunTime:0.004600s ]
SQL: SELECT * FROM `tp_img` WHERE ( `classid` = null ) ORDER BY id DESC LIMIT 5   [ RunTime:0.004620s ]
SQL: SELECT * FROM `tp_img` WHERE ( `classid` = null ) ORDER BY id DESC LIMIT 5   [ RunTime:0.004600s ]
INFO: [ view_template ] --START--
INFO: Run LocationTemplate Behavior [ RunTime:-0.116226s ]
INFO: [ view_template ] --END-- [ RunTime:0.000417s ]
INFO: [ view_parse ] --START--
NOTIC: [8] Use of undefined constant uid - assumed 'uid' /var/www/html/Conf/logs/Cache/Home/e8edd32bcbb2d7ab2f0f8d14c550c52b.php 第 94 行.
NOTIC: [8] Undefined index: uid /var/www/html/Conf/logs/Cache/Home/e8edd32bcbb2d7ab2f0f8d14c550c52b.php 第 94 行.
INFO: Run ParseTemplate Behavior [ RunTime:-0.116725s ]
INFO: [ view_parse ] --END-- [ RunTime:0.023632s ]
INFO: [ view_filter ] --START--
INFO: Run ContentReplace Behavior [ RunTime:-0.140445s ]
INFO: Run TokenBuild Behavior [ RunTime:-0.140727s ]
INFO: Run WriteHtmlCache Behavior [ RunTime:-0.141019s ]
INFO: Run ShowRuntime Behavior [ RunTime:-0.141143s ]
INFO: [ view_filter ] --END-- [ RunTime:0.000974s ]
INFO: [ view_end ] --START--
INFO: Run ShowPageTrace Behavior [ RunTime:-0.141494s ]
INFO: [ view_end ] --END-- [ RunTime:0.000333s ]

[ 2015-06-14T01:55:29+08:00 ] 61.151.186.141 /
SQL: SHOW COLUMNS FROM `tp_agent` [ RunTime:0.005615s ]
NOTIC: [8] Undefined index: HTTP_HOST /var/www/html/Lib/Core/App.class.php 第 71 行.
SQL: SELECT * FROM `tp_agent` WHERE ( `siteurl` = 'http://' ) LIMIT 1   [ RunTime:0.004070s ]
INFO: [ app_begin ] --START--
INFO: Run ReadHtmlCache Behavior [ RunTime:0.000455s ]
INFO: [ app_begin ] --END-- [ RunTime:0.000508s ]
NOTIC: [8] Undefined index: HTTP_HOST /var/www/html/Lib/Core/Action.class.php 第 356 行.
NOTIC: [8] Undefined offset: 1 /var/www/html/Lib/Core/Action.class.php 第 57 行.
NOTIC: [8] Undefined index: HTTP_USER_AGENT /var/www/html/PigCms/Lib/Action/BaseAction.class.php 第 21 行.
SQL: SHOW COLUMNS FROM `tp_agent` [ RunTime:0.005152s ]
NOTIC: [8] Undefined index: HTTP_HOST /var/www/html/PigCms/Lib/Action/BaseAction.class.php 第 335 行.
SQL: SELECT * FROM `tp_agent` WHERE ( `siteurl` = 'http://' ) LIMIT 1   [ RunTime:0.004019s ]
NOTIC: [8] Undefined index: HTTP_HOST /var/www/html/PigCms/Lib/Action/BaseAction.class.php 第 339 行.
NOTIC: [8] Undefined index: HTTP_HOST /var/www/html/PigCms/Lib/Action/BaseAction.class.php 第 38 行.
NOTIC: [8] Undefined index: nomsite /var/www/html/PigCms/Lib/Action/BaseAction.class.php 第 38 行.
SQL: SHOW COLUMNS FROM `tp_mobilesite` [ RunTime:0.004348s ]
NOTIC: [8] Undefined index: HTTP_HOST /var/www/html/PigCms/Lib/Action/BaseAction.class.php 第 366 行.
NOTIC: [8] Undefined index:  /var/www/html/PigCms/Lib/Action/BaseAction.class.php 第 366 行.
NOTIC: [8] Undefined index: HTTP_HOST /var/www/html/PigCms/Lib/Action/BaseAction.class.php 第 370 行.
SQL: SELECT * FROM `tp_mobilesite` WHERE ( `owndomain` = null ) LIMIT 1   [ RunTime:0.003874s ]
NOTIC: [8] Undefined index: HTTP_HOST /var/www/html/PigCms/Lib/Action/BaseAction.class.php 第 439 行.
NOTIC: [8] Undefined index: HTTP_HOST /var/www/html/PigCms/Lib/Action/BaseAction.class.php 第 62 行.
SQL: SELECT * FROM `tp_agent` WHERE ( `siteurl` = 'http://' ) LIMIT 1   [ RunTime:0.003955s ]
NOTIC: [8] Constant STATICS already defined /var/www/html/PigCms/Lib/Action/BaseAction.class.php 第 119 行.
SQL: SHOW COLUMNS FROM `tp_images` [ RunTime:0.004529s ]
SQL: SELECT * FROM `tp_images` LIMIT 1   [ RunTime:0.003877s ]
NOTIC: [8] Undefined index: showNotice /var/www/html/PigCms/Lib/Action/Home/IndexAction.class.php 第 56 行.
SQL: SHOW COLUMNS FROM `tp_links` [ RunTime:0.004282s ]
SQL: SELECT * FROM `tp_links` WHERE ( `status` = 1 ) AND ( `agentid` = 0 )  [ RunTime:0.003841s ]
SQL: SHOW COLUMNS FROM `tp_renew` [ RunTime:0.004643s ]
SQL: SHOW COLUMNS FROM `tp_banners` [ RunTime:0.004420s ]
SQL: SHOW COLUMNS FROM `tp_case` [ RunTime:0.004564s ]
SQL: SELECT * FROM `tp_renew` WHERE ( `agentid` = 0 ) ORDER BY id DESC LIMIT 5   [ RunTime:0.003929s ]
SQL: SELECT * FROM `tp_banners` WHERE ( `status` = 1 ) AND ( `agentid` = 0 ) ORDER BY id DESC  [ RunTime:0.003874s ]
SQL: SELECT * FROM `tp_case` WHERE ( `status` = 1 ) AND ( `agentid` = 0 ) ORDER BY id DESC LIMIT 10   [ RunTime:0.003890s ]
SQL: SHOW COLUMNS FROM `tp_news` [ RunTime:0.004782s ]
SQL: SELECT * FROM `tp_news` WHERE ( `agentid` = 0 ) LIMIT 1   [ RunTime:0.003944s ]
SQL: SHOW COLUMNS FROM `tp_img` [ RunTime:0.004977s ]
SQL: SELECT * FROM `tp_img` WHERE ( `classid` = null ) ORDER BY id DESC LIMIT 5   [ RunTime:0.003983s ]
SQL: SELECT * FROM `tp_img` WHERE ( `classid` = null ) ORDER BY id DESC LIMIT 5   [ RunTime:0.003954s ]
SQL: SELECT * FROM `tp_img` WHERE ( `classid` = null ) ORDER BY id DESC LIMIT 5   [ RunTime:0.003932s ]
INFO: [ view_template ] --START--
INFO: Run LocationTemplate Behavior [ RunTime:-0.098347s ]
INFO: [ view_template ] --END-- [ RunTime:0.000383s ]
INFO: [ view_parse ] --START--
NOTIC: [8] Use of undefined constant uid - assumed 'uid' /var/www/html/Conf/logs/Cache/Home/e8edd32bcbb2d7ab2f0f8d14c550c52b.php 第 94 行.
NOTIC: [8] Undefined index: uid /var/www/html/Conf/logs/Cache/Home/e8edd32bcbb2d7ab2f0f8d14c550c52b.php 第 94 行.
INFO: Run ParseTemplate Behavior [ RunTime:-0.098755s ]
INFO: [ view_parse ] --END-- [ RunTime:0.023248s ]
INFO: [ view_filter ] --START--
INFO: Run ContentReplace Behavior [ RunTime:-0.122050s ]
INFO: Run TokenBuild Behavior [ RunTime:-0.122352s ]
INFO: Run WriteHtmlCache Behavior [ RunTime:-0.122627s ]
INFO: Run ShowRuntime Behavior [ RunTime:-0.122752s ]
INFO: [ view_filter ] --END-- [ RunTime:0.000955s ]
INFO: [ view_end ] --START--
INFO: Run ShowPageTrace Behavior [ RunTime:-0.123060s ]
INFO: [ view_end ] --END-- [ RunTime:0.000357s ]

[ 2015-06-14T01:56:23+08:00 ] 219.133.49.231 http://www.baidu.com/
SQL: SHOW COLUMNS FROM `tp_agent` [ RunTime:0.005966s ]
SQL: SELECT * FROM `tp_agent` WHERE ( `siteurl` = 'http://www.baidu.com' ) LIMIT 1   [ RunTime:0.004471s ]
INFO: [ app_begin ] --START--
INFO: Run ReadHtmlCache Behavior [ RunTime:0.000460s ]
INFO: [ app_begin ] --END-- [ RunTime:0.000503s ]
NOTIC: [8] Undefined index: HTTP_USER_AGENT /var/www/html/PigCms/Lib/Action/BaseAction.class.php 第 21 行.
SQL: SHOW COLUMNS FROM `tp_agent` [ RunTime:0.007732s ]
SQL: SELECT * FROM `tp_agent` WHERE ( `siteurl` = 'http://www.baidu.com' ) LIMIT 1   [ RunTime:0.005379s ]
NOTIC: [8] Undefined index: www.baidu.comnomsite /var/www/html/PigCms/Lib/Action/BaseAction.class.php 第 38 行.
SQL: SHOW COLUMNS FROM `tp_mobilesite` [ RunTime:0.004905s ]
NOTIC: [8] Undefined index: www.baidu.com /var/www/html/PigCms/Lib/Action/BaseAction.class.php 第 366 行.
SQL: SELECT * FROM `tp_mobilesite` WHERE ( `owndomain` = 'www.baidu.com' ) LIMIT 1   [ RunTime:0.004085s ]
SQL: SELECT * FROM `tp_agent` WHERE ( `siteurl` = 'http://www.baidu.com' ) LIMIT 1   [ RunTime:0.005517s ]
NOTIC: [8] Constant STATICS already defined /var/www/html/PigCms/Lib/Action/BaseAction.class.php 第 119 行.
SQL: SHOW COLUMNS FROM `tp_images` [ RunTime:0.004362s ]
SQL: SELECT * FROM `tp_images` LIMIT 1   [ RunTime:0.004226s ]
NOTIC: [8] Undefined index: showNotice /var/www/html/PigCms/Lib/Action/Home/IndexAction.class.php 第 56 行.
SQL: SHOW COLUMNS FROM `tp_links` [ RunTime:0.005436s ]
SQL: SELECT * FROM `tp_links` WHERE ( `status` = 1 ) AND ( `agentid` = 0 )  [ RunTime:0.004063s ]
SQL: SHOW COLUMNS FROM `tp_renew` [ RunTime:0.004757s ]
SQL: SHOW COLUMNS FROM `tp_banners` [ RunTime:0.004525s ]
SQL: SHOW COLUMNS FROM `tp_case` [ RunTime:0.004524s ]
SQL: SELECT * FROM `tp_renew` WHERE ( `agentid` = 0 ) ORDER BY id DESC LIMIT 5   [ RunTime:0.004027s ]
SQL: SELECT * FROM `tp_banners` WHERE ( `status` = 1 ) AND ( `agentid` = 0 ) ORDER BY id DESC  [ RunTime:0.004035s ]
SQL: SELECT * FROM `tp_case` WHERE ( `status` = 1 ) AND ( `agentid` = 0 ) ORDER BY id DESC LIMIT 10   [ RunTime:0.004086s ]
SQL: SHOW COLUMNS FROM `tp_news` [ RunTime:0.004877s ]
SQL: SELECT * FROM `tp_news` WHERE ( `agentid` = 0 ) LIMIT 1   [ RunTime:0.004045s ]
SQL: SHOW COLUMNS FROM `tp_img` [ RunTime:0.005100s ]
SQL: SELECT * FROM `tp_img` WHERE ( `classid` = null ) ORDER BY id DESC LIMIT 5   [ RunTime:0.004388s ]
SQL: SELECT * FROM `tp_img` WHERE ( `classid` = null ) ORDER BY id DESC LIMIT 5   [ RunTime:0.004082s ]
SQL: SELECT * FROM `tp_img` WHERE ( `classid` = null ) ORDER BY id DESC LIMIT 5   [ RunTime:0.004093s ]
INFO: [ view_template ] --START--
INFO: Run LocationTemplate Behavior [ RunTime:-0.108064s ]
INFO: [ view_template ] --END-- [ RunTime:0.000376s ]
INFO: [ view_parse ] --START--
NOTIC: [8] Use of undefined constant uid - assumed 'uid' /var/www/html/Conf/logs/Cache/Home/e8edd32bcbb2d7ab2f0f8d14c550c52b.php 第 94 行.
NOTIC: [8] Undefined index: uid /var/www/html/Conf/logs/Cache/Home/e8edd32bcbb2d7ab2f0f8d14c550c52b.php 第 94 行.
INFO: Run ParseTemplate Behavior [ RunTime:-0.108468s ]
INFO: [ view_parse ] --END-- [ RunTime:0.022844s ]
INFO: [ view_filter ] --START--
INFO: Run ContentReplace Behavior [ RunTime:-0.131359s ]
INFO: Run TokenBuild Behavior [ RunTime:-0.131636s ]
INFO: Run WriteHtmlCache Behavior [ RunTime:-0.131921s ]
INFO: Run ShowRuntime Behavior [ RunTime:-0.132039s ]
INFO: [ view_filter ] --END-- [ RunTime:0.000949s ]
INFO: [ view_end ] --START--
INFO: Run ShowPageTrace Behavior [ RunTime:-0.132362s ]
INFO: [ view_end ] --END-- [ RunTime:0.000363s ]

[ 2015-06-14T02:25:33+08:00 ] 163.177.69.37 /
SQL: SHOW COLUMNS FROM `tp_agent` [ RunTime:0.004604s ]
SQL: SELECT * FROM `tp_agent` WHERE ( `siteurl` = 'http://119.29.116.37' ) LIMIT 1   [ RunTime:0.003440s ]
INFO: [ app_begin ] --START--
INFO: Run ReadHtmlCache Behavior [ RunTime:0.000445s ]
INFO: [ app_begin ] --END-- [ RunTime:0.000488s ]
SQL: SHOW COLUMNS FROM `tp_agent` [ RunTime:0.004814s ]
SQL: SELECT * FROM `tp_agent` WHERE ( `siteurl` = 'http://119.29.116.37' ) LIMIT 1   [ RunTime:0.003854s ]
NOTIC: [8] Undefined index: 119.29.116.37nomsite /var/www/html/PigCms/Lib/Action/BaseAction.class.php 第 38 行.
SQL: SHOW COLUMNS FROM `tp_mobilesite` [ RunTime:0.003763s ]
NOTIC: [8] Undefined index: 119.29.116.37 /var/www/html/PigCms/Lib/Action/BaseAction.class.php 第 366 行.
SQL: SELECT * FROM `tp_mobilesite` WHERE ( `owndomain` = '119.29.116.37' ) LIMIT 1   [ RunTime:0.003338s ]
SQL: SELECT * FROM `tp_agent` WHERE ( `siteurl` = 'http://119.29.116.37' ) LIMIT 1   [ RunTime:0.003470s ]
NOTIC: [8] Constant STATICS already defined /var/www/html/PigCms/Lib/Action/BaseAction.class.php 第 119 行.
SQL: SHOW COLUMNS FROM `tp_images` [ RunTime:0.003761s ]
SQL: SELECT * FROM `tp_images` LIMIT 1   [ RunTime:0.003300s ]
NOTIC: [8] Undefined index: showNotice /var/www/html/PigCms/Lib/Action/Home/IndexAction.class.php 第 56 行.
SQL: SHOW COLUMNS FROM `tp_links` [ RunTime:0.003641s ]
SQL: SELECT * FROM `tp_links` WHERE ( `status` = 1 ) AND ( `agentid` = 0 )  [ RunTime:0.003392s ]
SQL: SHOW COLUMNS FROM `tp_renew` [ RunTime:0.003873s ]
SQL: SHOW COLUMNS FROM `tp_banners` [ RunTime:0.004004s ]
SQL: SHOW COLUMNS FROM `tp_case` [ RunTime:0.003931s ]
SQL: SELECT * FROM `tp_renew` WHERE ( `agentid` = 0 ) ORDER BY id DESC LIMIT 5   [ RunTime:0.003388s ]
SQL: SELECT * FROM `tp_banners` WHERE ( `status` = 1 ) AND ( `agentid` = 0 ) ORDER BY id DESC  [ RunTime:0.003297s ]
SQL: SELECT * FROM `tp_case` WHERE ( `status` = 1 ) AND ( `agentid` = 0 ) ORDER BY id DESC LIMIT 10   [ RunTime:0.003309s ]
SQL: SHOW COLUMNS FROM `tp_news` [ RunTime:0.003892s ]
SQL: SELECT * FROM `tp_news` WHERE ( `agentid` = 0 ) LIMIT 1   [ RunTime:0.003384s ]
SQL: SHOW COLUMNS FROM `tp_img` [ RunTime:0.004185s ]
SQL: SELECT * FROM `tp_img` WHERE ( `classid` = null ) ORDER BY id DESC LIMIT 5   [ RunTime:0.003443s ]
SQL: SELECT * FROM `tp_img` WHERE ( `classid` = null ) ORDER BY id DESC LIMIT 5   [ RunTime:0.003380s ]
SQL: SELECT * FROM `tp_img` WHERE ( `classid` = null ) ORDER BY id DESC LIMIT 5   [ RunTime:0.003428s ]
INFO: [ view_template ] --START--
INFO: Run LocationTemplate Behavior [ RunTime:-0.086079s ]
INFO: [ view_template ] --END-- [ RunTime:0.000422s ]
INFO: [ view_parse ] --START--
NOTIC: [8] Use of undefined constant uid - assumed 'uid' /var/www/html/Conf/logs/Cache/Home/e8edd32bcbb2d7ab2f0f8d14c550c52b.php 第 94 行.
NOTIC: [8] Undefined index: uid /var/www/html/Conf/logs/Cache/Home/e8edd32bcbb2d7ab2f0f8d14c550c52b.php 第 94 行.
INFO: Run ParseTemplate Behavior [ RunTime:-0.086537s ]
INFO: [ view_parse ] --END-- [ RunTime:0.023941s ]
INFO: [ view_filter ] --START--
INFO: Run ContentReplace Behavior [ RunTime:-0.110520s ]
INFO: Run TokenBuild Behavior [ RunTime:-0.110812s ]
INFO: Run WriteHtmlCache Behavior [ RunTime:-0.111070s ]
INFO: Run ShowRuntime Behavior [ RunTime:-0.111188s ]
INFO: [ view_filter ] --END-- [ RunTime:0.000943s ]
INFO: [ view_end ] --START--
INFO: Run ShowPageTrace Behavior [ RunTime:-0.111519s ]
INFO: [ view_end ] --END-- [ RunTime:0.000349s ]

[ 2015-06-14T03:32:11+08:00 ] 119.145.168.124 /
SQL: SHOW COLUMNS FROM `tp_agent` [ RunTime:0.006094s ]
SQL: SELECT * FROM `tp_agent` WHERE ( `siteurl` = 'http://119.29.116.37' ) LIMIT 1   [ RunTime:0.005534s ]
INFO: [ app_begin ] --START--
INFO: Run ReadHtmlCache Behavior [ RunTime:0.000479s ]
INFO: [ app_begin ] --END-- [ RunTime:0.000528s ]
SQL: SHOW COLUMNS FROM `tp_agent` [ RunTime:0.006149s ]
SQL: SELECT * FROM `tp_agent` WHERE ( `siteurl` = 'http://119.29.116.37' ) LIMIT 1   [ RunTime:0.004841s ]
NOTIC: [8] Undefined index: 119.29.116.37nomsite /var/www/html/PigCms/Lib/Action/BaseAction.class.php 第 38 行.
SQL: SHOW COLUMNS FROM `tp_mobilesite` [ RunTime:0.005946s ]
NOTIC: [8] Undefined index: 119.29.116.37 /var/www/html/PigCms/Lib/Action/BaseAction.class.php 第 366 行.
SQL: SELECT * FROM `tp_mobilesite` WHERE ( `owndomain` = '119.29.116.37' ) LIMIT 1   [ RunTime:0.004598s ]
SQL: SELECT * FROM `tp_agent` WHERE ( `siteurl` = 'http://119.29.116.37' ) LIMIT 1   [ RunTime:0.004715s ]
NOTIC: [8] Constant STATICS already defined /var/www/html/PigCms/Lib/Action/BaseAction.class.php 第 119 行.
SQL: SHOW COLUMNS FROM `tp_images` [ RunTime:0.005243s ]
SQL: SELECT * FROM `tp_images` LIMIT 1   [ RunTime:0.004630s ]
NOTIC: [8] Undefined index: showNotice /var/www/html/PigCms/Lib/Action/Home/IndexAction.class.php 第 56 行.
SQL: SHOW COLUMNS FROM `tp_links` [ RunTime:0.005476s ]
SQL: SELECT * FROM `tp_links` WHERE ( `status` = 1 ) AND ( `agentid` = 0 )  [ RunTime:0.004861s ]
SQL: SHOW COLUMNS FROM `tp_renew` [ RunTime:0.005405s ]
SQL: SHOW COLUMNS FROM `tp_banners` [ RunTime:0.004978s ]
SQL: SHOW COLUMNS FROM `tp_case` [ RunTime:0.005264s ]
SQL: SELECT * FROM `tp_renew` WHERE ( `agentid` = 0 ) ORDER BY id DESC LIMIT 5   [ RunTime:0.004710s ]
SQL: SELECT * FROM `tp_banners` WHERE ( `status` = 1 ) AND ( `agentid` = 0 ) ORDER BY id DESC  [ RunTime:0.004557s ]
SQL: SELECT * FROM `tp_case` WHERE ( `status` = 1 ) AND ( `agentid` = 0 ) ORDER BY id DESC LIMIT 10   [ RunTime:0.004642s ]
SQL: SHOW COLUMNS FROM `tp_news` [ RunTime:0.005270s ]
SQL: SELECT * FROM `tp_news` WHERE ( `agentid` = 0 ) LIMIT 1   [ RunTime:0.004586s ]
SQL: SHOW COLUMNS FROM `tp_img` [ RunTime:0.005368s ]
SQL: SELECT * FROM `tp_img` WHERE ( `classid` = null ) ORDER BY id DESC LIMIT 5   [ RunTime:0.004707s ]
SQL: SELECT * FROM `tp_img` WHERE ( `classid` = null ) ORDER BY id DESC LIMIT 5   [ RunTime:0.004636s ]
SQL: SELECT * FROM `tp_img` WHERE ( `classid` = null ) ORDER BY id DESC LIMIT 5   [ RunTime:0.004632s ]
INFO: [ view_template ] --START--
INFO: Run LocationTemplate Behavior [ RunTime:-0.114994s ]
INFO: [ view_template ] --END-- [ RunTime:0.000432s ]
INFO: [ view_parse ] --START--
NOTIC: [8] Use of undefined constant uid - assumed 'uid' /var/www/html/Conf/logs/Cache/Home/e8edd32bcbb2d7ab2f0f8d14c550c52b.php 第 94 行.
NOTIC: [8] Undefined index: uid /var/www/html/Conf/logs/Cache/Home/e8edd32bcbb2d7ab2f0f8d14c550c52b.php 第 94 行.
INFO: Run ParseTemplate Behavior [ RunTime:-0.115495s ]
INFO: [ view_parse ] --END-- [ RunTime:0.024411s ]
INFO: [ view_filter ] --START--
INFO: Run ContentReplace Behavior [ RunTime:-0.139939s ]
INFO: Run TokenBuild Behavior [ RunTime:-0.140251s ]
INFO: Run WriteHtmlCache Behavior [ RunTime:-0.140541s ]
INFO: Run ShowRuntime Behavior [ RunTime:-0.140666s ]
INFO: [ view_filter ] --END-- [ RunTime:0.000999s ]
INFO: [ view_end ] --START--
INFO: Run ShowPageTrace Behavior [ RunTime:-0.141010s ]
INFO: [ view_end ] --END-- [ RunTime:0.000371s ]

[ 2015-06-14T03:39:13+08:00 ] 183.60.15.117 /
SQL: SHOW COLUMNS FROM `tp_agent` [ RunTime:0.007356s ]
NOTIC: [8] Undefined index: HTTP_HOST /var/www/html/Lib/Core/App.class.php 第 71 行.
SQL: SELECT * FROM `tp_agent` WHERE ( `siteurl` = 'http://' ) LIMIT 1   [ RunTime:0.004560s ]
INFO: [ app_begin ] --START--
INFO: Run ReadHtmlCache Behavior [ RunTime:0.000478s ]
INFO: [ app_begin ] --END-- [ RunTime:0.000524s ]
NOTIC: [8] Undefined index: HTTP_HOST /var/www/html/Lib/Core/Action.class.php 第 356 行.
NOTIC: [8] Undefined offset: 1 /var/www/html/Lib/Core/Action.class.php 第 57 行.
NOTIC: [8] Undefined index: HTTP_USER_AGENT /var/www/html/PigCms/Lib/Action/BaseAction.class.php 第 21 行.
SQL: SHOW COLUMNS FROM `tp_agent` [ RunTime:0.006432s ]
NOTIC: [8] Undefined index: HTTP_HOST /var/www/html/PigCms/Lib/Action/BaseAction.class.php 第 335 行.
SQL: SELECT * FROM `tp_agent` WHERE ( `siteurl` = 'http://' ) LIMIT 1   [ RunTime:0.004629s ]
NOTIC: [8] Undefined index: HTTP_HOST /var/www/html/PigCms/Lib/Action/BaseAction.class.php 第 339 行.
NOTIC: [8] Undefined index: HTTP_HOST /var/www/html/PigCms/Lib/Action/BaseAction.class.php 第 38 行.
NOTIC: [8] Undefined index: nomsite /var/www/html/PigCms/Lib/Action/BaseAction.class.php 第 38 行.
SQL: SHOW COLUMNS FROM `tp_mobilesite` [ RunTime:0.005031s ]
NOTIC: [8] Undefined index: HTTP_HOST /var/www/html/PigCms/Lib/Action/BaseAction.class.php 第 366 行.
NOTIC: [8] Undefined index:  /var/www/html/PigCms/Lib/Action/BaseAction.class.php 第 366 行.
NOTIC: [8] Undefined index: HTTP_HOST /var/www/html/PigCms/Lib/Action/BaseAction.class.php 第 370 行.
SQL: SELECT * FROM `tp_mobilesite` WHERE ( `owndomain` = null ) LIMIT 1   [ RunTime:0.004538s ]
NOTIC: [8] Undefined index: HTTP_HOST /var/www/html/PigCms/Lib/Action/BaseAction.class.php 第 439 行.
NOTIC: [8] Undefined index: HTTP_HOST /var/www/html/PigCms/Lib/Action/BaseAction.class.php 第 62 行.
SQL: SELECT * FROM `tp_agent` WHERE ( `siteurl` = 'http://' ) LIMIT 1   [ RunTime:0.004570s ]
NOTIC: [8] Constant STATICS already defined /var/www/html/PigCms/Lib/Action/BaseAction.class.php 第 119 行.
SQL: SHOW COLUMNS FROM `tp_images` [ RunTime:0.004848s ]
SQL: SELECT * FROM `tp_images` LIMIT 1   [ RunTime:0.004451s ]
NOTIC: [8] Undefined index: showNotice /var/www/html/PigCms/Lib/Action/Home/IndexAction.class.php 第 56 行.
SQL: SHOW COLUMNS FROM `tp_links` [ RunTime:0.004930s ]
SQL: SELECT * FROM `tp_links` WHERE ( `status` = 1 ) AND ( `agentid` = 0 )  [ RunTime:0.004564s ]
SQL: SHOW COLUMNS FROM `tp_renew` [ RunTime:0.004951s ]
SQL: SHOW COLUMNS FROM `tp_banners` [ RunTime:0.004737s ]
SQL: SHOW COLUMNS FROM `tp_case` [ RunTime:0.004814s ]
SQL: SELECT * FROM `tp_renew` WHERE ( `agentid` = 0 ) ORDER BY id DESC LIMIT 5   [ RunTime:0.004469s ]
SQL: SELECT * FROM `tp_banners` WHERE ( `status` = 1 ) AND ( `agentid` = 0 ) ORDER BY id DESC  [ RunTime:0.004463s ]
SQL: SELECT * FROM `tp_case` WHERE ( `status` = 1 ) AND ( `agentid` = 0 ) ORDER BY id DESC LIMIT 10   [ RunTime:0.004669s ]
SQL: SHOW COLUMNS FROM `tp_news` [ RunTime:0.005751s ]
SQL: SELECT * FROM `tp_news` WHERE ( `agentid` = 0 ) LIMIT 1   [ RunTime:0.004562s ]
SQL: SHOW COLUMNS FROM `tp_img` [ RunTime:0.005688s ]
SQL: SELECT * FROM `tp_img` WHERE ( `classid` = null ) ORDER BY id DESC LIMIT 5   [ RunTime:0.004634s ]
SQL: SELECT * FROM `tp_img` WHERE ( `classid` = null ) ORDER BY id DESC LIMIT 5   [ RunTime:0.004527s ]
SQL: SELECT * FROM `tp_img` WHERE ( `classid` = null ) ORDER BY id DESC LIMIT 5   [ RunTime:0.004521s ]
INFO: [ view_template ] --START--
INFO: Run LocationTemplate Behavior [ RunTime:-0.113518s ]
INFO: [ view_template ] --END-- [ RunTime:0.000404s ]
INFO: [ view_parse ] --START--
NOTIC: [8] Use of undefined constant uid - assumed 'uid' /var/www/html/Conf/logs/Cache/Home/e8edd32bcbb2d7ab2f0f8d14c550c52b.php 第 94 行.
NOTIC: [8] Undefined index: uid /var/www/html/Conf/logs/Cache/Home/e8edd32bcbb2d7ab2f0f8d14c550c52b.php 第 94 行.
INFO: Run ParseTemplate Behavior [ RunTime:-0.113954s ]
INFO: [ view_parse ] --END-- [ RunTime:0.021695s ]
INFO: [ view_filter ] --START--
INFO: Run ContentReplace Behavior [ RunTime:-0.135690s ]
INFO: Run TokenBuild Behavior [ RunTime:-0.135969s ]
INFO: Run WriteHtmlCache Behavior [ RunTime:-0.136223s ]
INFO: Run ShowRuntime Behavior [ RunTime:-0.136339s ]
INFO: [ view_filter ] --END-- [ RunTime:0.000896s ]
INFO: [ view_end ] --START--
INFO: Run ShowPageTrace Behavior [ RunTime:-0.136651s ]
INFO: [ view_end ] --END-- [ RunTime:0.000342s ]

[ 2015-06-14T04:20:51+08:00 ] 101.227.131.143 /index.php
SQL: SHOW COLUMNS FROM `tp_agent` [ RunTime:0.005280s ]
SQL: SELECT * FROM `tp_agent` WHERE ( `siteurl` = 'http://119.29.116.37' ) LIMIT 1   [ RunTime:0.004112s ]
INFO: [ app_begin ] --START--
INFO: Run ReadHtmlCache Behavior [ RunTime:0.000503s ]
INFO: [ app_begin ] --END-- [ RunTime:0.000550s ]
SQL: SHOW COLUMNS FROM `tp_agent` [ RunTime:0.005352s ]
SQL: SELECT * FROM `tp_agent` WHERE ( `siteurl` = 'http://119.29.116.37' ) LIMIT 1   [ RunTime:0.004184s ]
NOTIC: [8] Undefined index: 119.29.116.37nomsite /var/www/html/PigCms/Lib/Action/BaseAction.class.php 第 38 行.
SQL: SHOW COLUMNS FROM `tp_mobilesite` [ RunTime:0.004495s ]
NOTIC: [8] Undefined index: 119.29.116.37 /var/www/html/PigCms/Lib/Action/BaseAction.class.php 第 366 行.
SQL: SELECT * FROM `tp_mobilesite` WHERE ( `owndomain` = '119.29.116.37' ) LIMIT 1   [ RunTime:0.004016s ]
SQL: SELECT * FROM `tp_agent` WHERE ( `siteurl` = 'http://119.29.116.37' ) LIMIT 1   [ RunTime:0.004094s ]
NOTIC: [8] Constant STATICS already defined /var/www/html/PigCms/Lib/Action/BaseAction.class.php 第 119 行.
SQL: SHOW COLUMNS FROM `tp_images` [ RunTime:0.004456s ]
SQL: SELECT * FROM `tp_images` LIMIT 1   [ RunTime:0.003948s ]
NOTIC: [8] Undefined index: showNotice /var/www/html/PigCms/Lib/Action/Home/IndexAction.class.php 第 56 行.
SQL: SHOW COLUMNS FROM `tp_links` [ RunTime:0.004507s ]
SQL: SELECT * FROM `tp_links` WHERE ( `status` = 1 ) AND ( `agentid` = 0 )  [ RunTime:0.004020s ]
SQL: SHOW COLUMNS FROM `tp_renew` [ RunTime:0.004480s ]
SQL: SHOW COLUMNS FROM `tp_banners` [ RunTime:0.004606s ]
SQL: SHOW COLUMNS FROM `tp_case` [ RunTime:0.004634s ]
SQL: SELECT * FROM `tp_renew` WHERE ( `agentid` = 0 ) ORDER BY id DESC LIMIT 5   [ RunTime:0.004053s ]
SQL: SELECT * FROM `tp_banners` WHERE ( `status` = 1 ) AND ( `agentid` = 0 ) ORDER BY id DESC  [ RunTime:0.003998s ]
SQL: SELECT * FROM `tp_case` WHERE ( `status` = 1 ) AND ( `agentid` = 0 ) ORDER BY id DESC LIMIT 10   [ RunTime:0.004143s ]
SQL: SHOW COLUMNS FROM `tp_news` [ RunTime:0.005049s ]
SQL: SELECT * FROM `tp_news` WHERE ( `agentid` = 0 ) LIMIT 1   [ RunTime:0.004100s ]
SQL: SHOW COLUMNS FROM `tp_img` [ RunTime:0.005290s ]
SQL: SELECT * FROM `tp_img` WHERE ( `classid` = null ) ORDER BY id DESC LIMIT 5   [ RunTime:0.004186s ]
SQL: SELECT * FROM `tp_img` WHERE ( `classid` = null ) ORDER BY id DESC LIMIT 5   [ RunTime:0.004139s ]
SQL: SELECT * FROM `tp_img` WHERE ( `classid` = null ) ORDER BY id DESC LIMIT 5   [ RunTime:0.004148s ]
INFO: [ view_template ] --START--
INFO: Run LocationTemplate Behavior [ RunTime:-0.101786s ]
INFO: [ view_template ] --END-- [ RunTime:0.000436s ]
INFO: [ view_parse ] --START--
NOTIC: [8] Use of undefined constant uid - assumed 'uid' /var/www/html/Conf/logs/Cache/Home/e8edd32bcbb2d7ab2f0f8d14c550c52b.php 第 94 行.
NOTIC: [8] Undefined index: uid /var/www/html/Conf/logs/Cache/Home/e8edd32bcbb2d7ab2f0f8d14c550c52b.php 第 94 行.
INFO: Run ParseTemplate Behavior [ RunTime:-0.102275s ]
INFO: [ view_parse ] --END-- [ RunTime:0.024370s ]
INFO: [ view_filter ] --START--
INFO: Run ContentReplace Behavior [ RunTime:-0.126686s ]
INFO: Run TokenBuild Behavior [ RunTime:-0.126973s ]
INFO: Run WriteHtmlCache Behavior [ RunTime:-0.127256s ]
INFO: Run ShowRuntime Behavior [ RunTime:-0.127383s ]
INFO: [ view_filter ] --END-- [ RunTime:0.000999s ]
INFO: [ view_end ] --START--
INFO: Run ShowPageTrace Behavior [ RunTime:-0.127743s ]
INFO: [ view_end ] --END-- [ RunTime:0.000361s ]

[ 2015-06-14T04:20:52+08:00 ] 101.227.131.143 /index.php
SQL: SHOW COLUMNS FROM `tp_agent` [ RunTime:0.005759s ]
SQL: SELECT * FROM `tp_agent` WHERE ( `siteurl` = 'http://119.29.116.37' ) LIMIT 1   [ RunTime:0.004112s ]
INFO: [ app_begin ] --START--
INFO: Run ReadHtmlCache Behavior [ RunTime:0.000469s ]
INFO: [ app_begin ] --END-- [ RunTime:0.000515s ]
SQL: SHOW COLUMNS FROM `tp_agent` [ RunTime:0.005727s ]
SQL: SELECT * FROM `tp_agent` WHERE ( `siteurl` = 'http://119.29.116.37' ) LIMIT 1   [ RunTime:0.004190s ]
NOTIC: [8] Undefined index: 119.29.116.37nomsite /var/www/html/PigCms/Lib/Action/BaseAction.class.php 第 38 行.
SQL: SHOW COLUMNS FROM `tp_mobilesite` [ RunTime:0.004437s ]
NOTIC: [8] Undefined index: 119.29.116.37 /var/www/html/PigCms/Lib/Action/BaseAction.class.php 第 366 行.
SQL: SELECT * FROM `tp_mobilesite` WHERE ( `owndomain` = '119.29.116.37' ) LIMIT 1   [ RunTime:0.003926s ]
SQL: SELECT * FROM `tp_agent` WHERE ( `siteurl` = 'http://119.29.116.37' ) LIMIT 1   [ RunTime:0.004026s ]
NOTIC: [8] Constant STATICS already defined /var/www/html/PigCms/Lib/Action/BaseAction.class.php 第 119 行.
SQL: SHOW COLUMNS FROM `tp_images` [ RunTime:0.004593s ]
SQL: SELECT * FROM `tp_images` LIMIT 1   [ RunTime:0.003915s ]
NOTIC: [8] Undefined index: showNotice /var/www/html/PigCms/Lib/Action/Home/IndexAction.class.php 第 56 行.
SQL: SHOW COLUMNS FROM `tp_links` [ RunTime:0.004302s ]
SQL: SELECT * FROM `tp_links` WHERE ( `status` = 1 ) AND ( `agentid` = 0 )  [ RunTime:0.003920s ]
SQL: SHOW COLUMNS FROM `tp_renew` [ RunTime:0.004739s ]
SQL: SHOW COLUMNS FROM `tp_banners` [ RunTime:0.004532s ]
SQL: SHOW COLUMNS FROM `tp_case` [ RunTime:0.004560s ]
SQL: SELECT * FROM `tp_renew` WHERE ( `agentid` = 0 ) ORDER BY id DESC LIMIT 5   [ RunTime:0.003943s ]
SQL: SELECT * FROM `tp_banners` WHERE ( `status` = 1 ) AND ( `agentid` = 0 ) ORDER BY id DESC  [ RunTime:0.003954s ]
SQL: SELECT * FROM `tp_case` WHERE ( `status` = 1 ) AND ( `agentid` = 0 ) ORDER BY id DESC LIMIT 10   [ RunTime:0.004013s ]
SQL: SHOW COLUMNS FROM `tp_news` [ RunTime:0.005092s ]
SQL: SELECT * FROM `tp_news` WHERE ( `agentid` = 0 ) LIMIT 1   [ RunTime:0.003937s ]
SQL: SHOW COLUMNS FROM `tp_img` [ RunTime:0.005089s ]
SQL: SELECT * FROM `tp_img` WHERE ( `classid` = null ) ORDER BY id DESC LIMIT 5   [ RunTime:0.003987s ]
SQL: SELECT * FROM `tp_img` WHERE ( `classid` = null ) ORDER BY id DESC LIMIT 5   [ RunTime:0.004062s ]
SQL: SELECT * FROM `tp_img` WHERE ( `classid` = null ) ORDER BY id DESC LIMIT 5   [ RunTime:0.004058s ]
INFO: [ view_template ] --START--
INFO: Run LocationTemplate Behavior [ RunTime:-0.101018s ]
INFO: [ view_template ] --END-- [ RunTime:0.000405s ]
INFO: [ view_parse ] --START--
NOTIC: [8] Use of undefined constant uid - assumed 'uid' /var/www/html/Conf/logs/Cache/Home/e8edd32bcbb2d7ab2f0f8d14c550c52b.php 第 94 行.
NOTIC: [8] Undefined index: uid /var/www/html/Conf/logs/Cache/Home/e8edd32bcbb2d7ab2f0f8d14c550c52b.php 第 94 行.
INFO: Run ParseTemplate Behavior [ RunTime:-0.101466s ]
INFO: [ view_parse ] --END-- [ RunTime:0.023331s ]
INFO: [ view_filter ] --START--
INFO: Run ContentReplace Behavior [ RunTime:-0.124858s ]
INFO: Run TokenBuild Behavior [ RunTime:-0.125132s ]
INFO: Run WriteHtmlCache Behavior [ RunTime:-0.125408s ]
INFO: Run ShowRuntime Behavior [ RunTime:-0.125526s ]
INFO: [ view_filter ] --END-- [ RunTime:0.000941s ]
INFO: [ view_end ] --START--
INFO: Run ShowPageTrace Behavior [ RunTime:-0.125857s ]
INFO: [ view_end ] --END-- [ RunTime:0.000354s ]

[ 2015-06-14T04:50:06+08:00 ] 183.60.48.110 /
SQL: SHOW COLUMNS FROM `tp_agent` [ RunTime:0.005442s ]
SQL: SELECT * FROM `tp_agent` WHERE ( `siteurl` = 'http://119.29.116.37:80' ) LIMIT 1   [ RunTime:0.003619s ]
INFO: [ app_begin ] --START--
INFO: Run ReadHtmlCache Behavior [ RunTime:0.000495s ]
INFO: [ app_begin ] --END-- [ RunTime:0.000545s ]
SQL: SHOW COLUMNS FROM `tp_agent` [ RunTime:0.005319s ]
SQL: SELECT * FROM `tp_agent` WHERE ( `siteurl` = 'http://119.29.116.37:80' ) LIMIT 1   [ RunTime:0.003683s ]
NOTIC: [8] Undefined index: 119.29.116.37:80nomsite /var/www/html/PigCms/Lib/Action/BaseAction.class.php 第 38 行.
SQL: SHOW COLUMNS FROM `tp_mobilesite` [ RunTime:0.004036s ]
NOTIC: [8] Undefined index: 119.29.116.37:80 /var/www/html/PigCms/Lib/Action/BaseAction.class.php 第 366 行.
SQL: SELECT * FROM `tp_mobilesite` WHERE ( `owndomain` = '119.29.116.37:80' ) LIMIT 1   [ RunTime:0.003548s ]
SQL: SELECT * FROM `tp_agent` WHERE ( `siteurl` = 'http://119.29.116.37:80' ) LIMIT 1   [ RunTime:0.003706s ]
NOTIC: [8] Constant STATICS already defined /var/www/html/PigCms/Lib/Action/BaseAction.class.php 第 119 行.
SQL: SHOW COLUMNS FROM `tp_images` [ RunTime:0.003944s ]
SQL: SELECT * FROM `tp_images` LIMIT 1   [ RunTime:0.003577s ]
NOTIC: [8] Undefined index: showNotice /var/www/html/PigCms/Lib/Action/Home/IndexAction.class.php 第 56 行.
SQL: SHOW COLUMNS FROM `tp_links` [ RunTime:0.003996s ]
SQL: SELECT * FROM `tp_links` WHERE ( `status` = 1 ) AND ( `agentid` = 0 )  [ RunTime:0.003585s ]
SQL: SHOW COLUMNS FROM `tp_renew` [ RunTime:0.003946s ]
SQL: SHOW COLUMNS FROM `tp_banners` [ RunTime:0.004008s ]
SQL: SHOW COLUMNS FROM `tp_case` [ RunTime:0.004212s ]
SQL: SELECT * FROM `tp_renew` WHERE ( `agentid` = 0 ) ORDER BY id DESC LIMIT 5   [ RunTime:0.003485s ]
SQL: SELECT * FROM `tp_banners` WHERE ( `status` = 1 ) AND ( `agentid` = 0 ) ORDER BY id DESC  [ RunTime:0.003447s ]
SQL: SELECT * FROM `tp_case` WHERE ( `status` = 1 ) AND ( `agentid` = 0 ) ORDER BY id DESC LIMIT 10   [ RunTime:0.003452s ]
SQL: SHOW COLUMNS FROM `tp_news` [ RunTime:0.004146s ]
SQL: SELECT * FROM `tp_news` WHERE ( `agentid` = 0 ) LIMIT 1   [ RunTime:0.003479s ]
SQL: SHOW COLUMNS FROM `tp_img` [ RunTime:0.004157s ]
SQL: SELECT * FROM `tp_img` WHERE ( `classid` = null ) ORDER BY id DESC LIMIT 5   [ RunTime:0.003500s ]
SQL: SELECT * FROM `tp_img` WHERE ( `classid` = null ) ORDER BY id DESC LIMIT 5   [ RunTime:0.003484s ]
SQL: SELECT * FROM `tp_img` WHERE ( `classid` = null ) ORDER BY id DESC LIMIT 5   [ RunTime:0.003498s ]
INFO: [ view_template ] --START--
INFO: Run LocationTemplate Behavior [ RunTime:-0.090928s ]
INFO: [ view_template ] --END-- [ RunTime:0.000440s ]
INFO: [ view_parse ] --START--
NOTIC: [8] Use of undefined constant uid - assumed 'uid' /var/www/html/Conf/logs/Cache/Home/e8edd32bcbb2d7ab2f0f8d14c550c52b.php 第 94 行.
NOTIC: [8] Undefined index: uid /var/www/html/Conf/logs/Cache/Home/e8edd32bcbb2d7ab2f0f8d14c550c52b.php 第 94 行.
INFO: Run ParseTemplate Behavior [ RunTime:-0.091409s ]
INFO: [ view_parse ] --END-- [ RunTime:0.024146s ]
INFO: [ view_filter ] --START--
INFO: Run ContentReplace Behavior [ RunTime:-0.115630s ]
INFO: Run TokenBuild Behavior [ RunTime:-0.115928s ]
INFO: Run WriteHtmlCache Behavior [ RunTime:-0.116205s ]
INFO: Run ShowRuntime Behavior [ RunTime:-0.116326s ]
INFO: [ view_filter ] --END-- [ RunTime:0.000991s ]
INFO: [ view_end ] --START--
INFO: Run ShowPageTrace Behavior [ RunTime:-0.116676s ]
INFO: [ view_end ] --END-- [ RunTime:0.000372s ]

[ 2015-06-14T08:03:28+08:00 ] 61.151.186.141 /
SQL: SHOW COLUMNS FROM `tp_agent` [ RunTime:0.006206s ]
NOTIC: [8] Undefined index: HTTP_HOST /var/www/html/Lib/Core/App.class.php 第 71 行.
SQL: SELECT * FROM `tp_agent` WHERE ( `siteurl` = 'http://' ) LIMIT 1   [ RunTime:0.004656s ]
INFO: [ app_begin ] --START--
INFO: Run ReadHtmlCache Behavior [ RunTime:0.000449s ]
INFO: [ app_begin ] --END-- [ RunTime:0.000497s ]
NOTIC: [8] Undefined index: HTTP_HOST /var/www/html/Lib/Core/Action.class.php 第 356 行.
NOTIC: [8] Undefined offset: 1 /var/www/html/Lib/Core/Action.class.php 第 57 行.
NOTIC: [8] Undefined index: HTTP_USER_AGENT /var/www/html/PigCms/Lib/Action/BaseAction.class.php 第 21 行.
SQL: SHOW COLUMNS FROM `tp_agent` [ RunTime:0.006180s ]
NOTIC: [8] Undefined index: HTTP_HOST /var/www/html/PigCms/Lib/Action/BaseAction.class.php 第 335 行.
SQL: SELECT * FROM `tp_agent` WHERE ( `siteurl` = 'http://' ) LIMIT 1   [ RunTime:0.004586s ]
NOTIC: [8] Undefined index: HTTP_HOST /var/www/html/PigCms/Lib/Action/BaseAction.class.php 第 339 行.
NOTIC: [8] Undefined index: HTTP_HOST /var/www/html/PigCms/Lib/Action/BaseAction.class.php 第 38 行.
NOTIC: [8] Undefined index: nomsite /var/www/html/PigCms/Lib/Action/BaseAction.class.php 第 38 行.
SQL: SHOW COLUMNS FROM `tp_mobilesite` [ RunTime:0.005159s ]
NOTIC: [8] Undefined index: HTTP_HOST /var/www/html/PigCms/Lib/Action/BaseAction.class.php 第 366 行.
NOTIC: [8] Undefined index:  /var/www/html/PigCms/Lib/Action/BaseAction.class.php 第 366 行.
NOTIC: [8] Undefined index: HTTP_HOST /var/www/html/PigCms/Lib/Action/BaseAction.class.php 第 370 行.
SQL: SELECT * FROM `tp_mobilesite` WHERE ( `owndomain` = null ) LIMIT 1   [ RunTime:0.004942s ]
NOTIC: [8] Undefined index: HTTP_HOST /var/www/html/PigCms/Lib/Action/BaseAction.class.php 第 439 行.
NOTIC: [8] Undefined index: HTTP_HOST /var/www/html/PigCms/Lib/Action/BaseAction.class.php 第 62 行.
SQL: SELECT * FROM `tp_agent` WHERE ( `siteurl` = 'http://' ) LIMIT 1   [ RunTime:0.004613s ]
NOTIC: [8] Constant STATICS already defined /var/www/html/PigCms/Lib/Action/BaseAction.class.php 第 119 行.
SQL: SHOW COLUMNS FROM `tp_images` [ RunTime:0.005183s ]
SQL: SELECT * FROM `tp_images` LIMIT 1   [ RunTime:0.004660s ]
NOTIC: [8] Undefined index: showNotice /var/www/html/PigCms/Lib/Action/Home/IndexAction.class.php 第 56 行.
SQL: SHOW COLUMNS FROM `tp_links` [ RunTime:0.005096s ]
SQL: SELECT * FROM `tp_links` WHERE ( `status` = 1 ) AND ( `agentid` = 0 )  [ RunTime:0.004543s ]
SQL: SHOW COLUMNS FROM `tp_renew` [ RunTime:0.005160s ]
SQL: SHOW COLUMNS FROM `tp_banners` [ RunTime:0.005013s ]
SQL: SHOW COLUMNS FROM `tp_case` [ RunTime:0.005005s ]
SQL: SELECT * FROM `tp_renew` WHERE ( `agentid` = 0 ) ORDER BY id DESC LIMIT 5   [ RunTime:0.004442s ]
SQL: SELECT * FROM `tp_banners` WHERE ( `status` = 1 ) AND ( `agentid` = 0 ) ORDER BY id DESC  [ RunTime:0.004528s ]
SQL: SELECT * FROM `tp_case` WHERE ( `status` = 1 ) AND ( `agentid` = 0 ) ORDER BY id DESC LIMIT 10   [ RunTime:0.004500s ]
SQL: SHOW COLUMNS FROM `tp_news` [ RunTime:0.005526s ]
SQL: SELECT * FROM `tp_news` WHERE ( `agentid` = 0 ) LIMIT 1   [ RunTime:0.004859s ]
SQL: SHOW COLUMNS FROM `tp_img` [ RunTime:0.005596s ]
SQL: SELECT * FROM `tp_img` WHERE ( `classid` = null ) ORDER BY id DESC LIMIT 5   [ RunTime:0.004597s ]
SQL: SELECT * FROM `tp_img` WHERE ( `classid` = null ) ORDER BY id DESC LIMIT 5   [ RunTime:0.004583s ]
SQL: SELECT * FROM `tp_img` WHERE ( `classid` = null ) ORDER BY id DESC LIMIT 5   [ RunTime:0.004538s ]
INFO: [ view_template ] --START--
INFO: Run LocationTemplate Behavior [ RunTime:-0.113410s ]
INFO: [ view_template ] --END-- [ RunTime:0.000390s ]
INFO: [ view_parse ] --START--
NOTIC: [8] Use of undefined constant uid - assumed 'uid' /var/www/html/Conf/logs/Cache/Home/e8edd32bcbb2d7ab2f0f8d14c550c52b.php 第 94 行.
NOTIC: [8] Undefined index: uid /var/www/html/Conf/logs/Cache/Home/e8edd32bcbb2d7ab2f0f8d14c550c52b.php 第 94 行.
INFO: Run ParseTemplate Behavior [ RunTime:-0.113844s ]
INFO: [ view_parse ] --END-- [ RunTime:0.024754s ]
INFO: [ view_filter ] --START--
INFO: Run ContentReplace Behavior [ RunTime:-0.138640s ]
INFO: Run TokenBuild Behavior [ RunTime:-0.139073s ]
INFO: Run WriteHtmlCache Behavior [ RunTime:-0.139364s ]
INFO: Run ShowRuntime Behavior [ RunTime:-0.139523s ]
INFO: [ view_filter ] --END-- [ RunTime:0.001199s ]
INFO: [ view_end ] --START--
INFO: Run ShowPageTrace Behavior [ RunTime:-0.139923s ]
INFO: [ view_end ] --END-- [ RunTime:0.000377s ]

[ 2015-06-14T09:22:20+08:00 ] 101.227.131.143 /index.php
SQL: SHOW COLUMNS FROM `tp_agent` [ RunTime:0.005829s ]
SQL: SELECT * FROM `tp_agent` WHERE ( `siteurl` = 'http://119.29.116.37' ) LIMIT 1   [ RunTime:0.004259s ]
INFO: [ app_begin ] --START--
INFO: Run ReadHtmlCache Behavior [ RunTime:0.000517s ]
INFO: [ app_begin ] --END-- [ RunTime:0.000573s ]
SQL: SHOW COLUMNS FROM `tp_agent` [ RunTime:0.005904s ]
SQL: SELECT * FROM `tp_agent` WHERE ( `siteurl` = 'http://119.29.116.37' ) LIMIT 1   [ RunTime:0.004259s ]
NOTIC: [8] Undefined index: 119.29.116.37nomsite /var/www/html/PigCms/Lib/Action/BaseAction.class.php 第 38 行.
SQL: SHOW COLUMNS FROM `tp_mobilesite` [ RunTime:0.004778s ]
NOTIC: [8] Undefined index: 119.29.116.37 /var/www/html/PigCms/Lib/Action/BaseAction.class.php 第 366 行.
SQL: SELECT * FROM `tp_mobilesite` WHERE ( `owndomain` = '119.29.116.37' ) LIMIT 1   [ RunTime:0.004158s ]
SQL: SELECT * FROM `tp_agent` WHERE ( `siteurl` = 'http://119.29.116.37' ) LIMIT 1   [ RunTime:0.004202s ]
NOTIC: [8] Constant STATICS already defined /var/www/html/PigCms/Lib/Action/BaseAction.class.php 第 119 行.
SQL: SHOW COLUMNS FROM `tp_images` [ RunTime:0.004802s ]
SQL: SELECT * FROM `tp_images` LIMIT 1   [ RunTime:0.004232s ]
NOTIC: [8] Undefined index: showNotice /var/www/html/PigCms/Lib/Action/Home/IndexAction.class.php 第 56 行.
SQL: SHOW COLUMNS FROM `tp_links` [ RunTime:0.004621s ]
SQL: SELECT * FROM `tp_links` WHERE ( `status` = 1 ) AND ( `agentid` = 0 )  [ RunTime:0.004083s ]
SQL: SHOW COLUMNS FROM `tp_renew` [ RunTime:0.004683s ]
SQL: SHOW COLUMNS FROM `tp_banners` [ RunTime:0.004443s ]
SQL: SHOW COLUMNS FROM `tp_case` [ RunTime:0.004807s ]
SQL: SELECT * FROM `tp_renew` WHERE ( `agentid` = 0 ) ORDER BY id DESC LIMIT 5   [ RunTime:0.004085s ]
SQL: SELECT * FROM `tp_banners` WHERE ( `status` = 1 ) AND ( `agentid` = 0 ) ORDER BY id DESC  [ RunTime:0.004028s ]
SQL: SELECT * FROM `tp_case` WHERE ( `status` = 1 ) AND ( `agentid` = 0 ) ORDER BY id DESC LIMIT 10   [ RunTime:0.003996s ]
SQL: SHOW COLUMNS FROM `tp_news` [ RunTime:0.006258s ]
SQL: SELECT * FROM `tp_news` WHERE ( `agentid` = 0 ) LIMIT 1   [ RunTime:0.004100s ]
SQL: SHOW COLUMNS FROM `tp_img` [ RunTime:0.005164s ]
SQL: SELECT * FROM `tp_img` WHERE ( `classid` = null ) ORDER BY id DESC LIMIT 5   [ RunTime:0.004101s ]
SQL: SELECT * FROM `tp_img` WHERE ( `classid` = null ) ORDER BY id DESC LIMIT 5   [ RunTime:0.004051s ]
SQL: SELECT * FROM `tp_img` WHERE ( `classid` = null ) ORDER BY id DESC LIMIT 5   [ RunTime:0.004156s ]
INFO: [ view_template ] --START--
INFO: Run LocationTemplate Behavior [ RunTime:-0.106414s ]
INFO: [ view_template ] --END-- [ RunTime:0.000426s ]
INFO: [ view_parse ] --START--
NOTIC: [8] Use of undefined constant uid - assumed 'uid' /var/www/html/Conf/logs/Cache/Home/e8edd32bcbb2d7ab2f0f8d14c550c52b.php 第 94 行.
NOTIC: [8] Undefined index: uid /var/www/html/Conf/logs/Cache/Home/e8edd32bcbb2d7ab2f0f8d14c550c52b.php 第 94 行.
INFO: Run ParseTemplate Behavior [ RunTime:-0.106882s ]
INFO: [ view_parse ] --END-- [ RunTime:0.024600s ]
INFO: [ view_filter ] --START--
INFO: Run ContentReplace Behavior [ RunTime:-0.131523s ]
INFO: Run TokenBuild Behavior [ RunTime:-0.131801s ]
INFO: Run WriteHtmlCache Behavior [ RunTime:-0.132090s ]
INFO: Run ShowRuntime Behavior [ RunTime:-0.132225s ]
INFO: [ view_filter ] --END-- [ RunTime:0.000992s ]
INFO: [ view_end ] --START--
INFO: Run ShowPageTrace Behavior [ RunTime:-0.132573s ]
INFO: [ view_end ] --END-- [ RunTime:0.000334s ]

[ 2015-06-14T09:22:21+08:00 ] 101.227.131.143 /index.php
SQL: SHOW COLUMNS FROM `tp_agent` [ RunTime:0.005490s ]
SQL: SELECT * FROM `tp_agent` WHERE ( `siteurl` = 'http://119.29.116.37' ) LIMIT 1   [ RunTime:0.004292s ]
INFO: [ app_begin ] --START--
INFO: Run ReadHtmlCache Behavior [ RunTime:0.000543s ]
INFO: [ app_begin ] --END-- [ RunTime:0.000593s ]
SQL: SHOW COLUMNS FROM `tp_agent` [ RunTime:0.005666s ]
SQL: SELECT * FROM `tp_agent` WHERE ( `siteurl` = 'http://119.29.116.37' ) LIMIT 1   [ RunTime:0.003991s ]
NOTIC: [8] Undefined index: 119.29.116.37nomsite /var/www/html/PigCms/Lib/Action/BaseAction.class.php 第 38 行.
SQL: SHOW COLUMNS FROM `tp_mobilesite` [ RunTime:0.004559s ]
NOTIC: [8] Undefined index: 119.29.116.37 /var/www/html/PigCms/Lib/Action/BaseAction.class.php 第 366 行.
SQL: SELECT * FROM `tp_mobilesite` WHERE ( `owndomain` = '119.29.116.37' ) LIMIT 1   [ RunTime:0.004075s ]
SQL: SELECT * FROM `tp_agent` WHERE ( `siteurl` = 'http://119.29.116.37' ) LIMIT 1   [ RunTime:0.004095s ]
NOTIC: [8] Constant STATICS already defined /var/www/html/PigCms/Lib/Action/BaseAction.class.php 第 119 行.
SQL: SHOW COLUMNS FROM `tp_images` [ RunTime:0.004572s ]
SQL: SELECT * FROM `tp_images` LIMIT 1   [ RunTime:0.003913s ]
NOTIC: [8] Undefined index: showNotice /var/www/html/PigCms/Lib/Action/Home/IndexAction.class.php 第 56 行.
SQL: SHOW COLUMNS FROM `tp_links` [ RunTime:0.004404s ]
SQL: SELECT * FROM `tp_links` WHERE ( `status` = 1 ) AND ( `agentid` = 0 )  [ RunTime:0.003862s ]
SQL: SHOW COLUMNS FROM `tp_renew` [ RunTime:0.004480s ]
SQL: SHOW COLUMNS FROM `tp_banners` [ RunTime:0.004389s ]
SQL: SHOW COLUMNS FROM `tp_case` [ RunTime:0.004476s ]
SQL: SELECT * FROM `tp_renew` WHERE ( `agentid` = 0 ) ORDER BY id DESC LIMIT 5   [ RunTime:0.004020s ]
SQL: SELECT * FROM `tp_banners` WHERE ( `status` = 1 ) AND ( `agentid` = 0 ) ORDER BY id DESC  [ RunTime:0.003893s ]
SQL: SELECT * FROM `tp_case` WHERE ( `status` = 1 ) AND ( `agentid` = 0 ) ORDER BY id DESC LIMIT 10   [ RunTime:0.003861s ]
SQL: SHOW COLUMNS FROM `tp_news` [ RunTime:0.004660s ]
SQL: SELECT * FROM `tp_news` WHERE ( `agentid` = 0 ) LIMIT 1   [ RunTime:0.003943s ]
SQL: SHOW COLUMNS FROM `tp_img` [ RunTime:0.007106s ]
SQL: SELECT * FROM `tp_img` WHERE ( `classid` = null ) ORDER BY id DESC LIMIT 5   [ RunTime:0.004110s ]
SQL: SELECT * FROM `tp_img` WHERE ( `classid` = null ) ORDER BY id DESC LIMIT 5   [ RunTime:0.004711s ]
SQL: SELECT * FROM `tp_img` WHERE ( `classid` = null ) ORDER BY id DESC LIMIT 5   [ RunTime:0.004236s ]
INFO: [ view_template ] --START--
INFO: Run LocationTemplate Behavior [ RunTime:-0.103254s ]
INFO: [ view_template ] --END-- [ RunTime:0.000377s ]
INFO: [ view_parse ] --START--
NOTIC: [8] Use of undefined constant uid - assumed 'uid' /var/www/html/Conf/logs/Cache/Home/e8edd32bcbb2d7ab2f0f8d14c550c52b.php 第 94 行.
NOTIC: [8] Undefined index: uid /var/www/html/Conf/logs/Cache/Home/e8edd32bcbb2d7ab2f0f8d14c550c52b.php 第 94 行.
INFO: Run ParseTemplate Behavior [ RunTime:-0.103673s ]
INFO: [ view_parse ] --END-- [ RunTime:0.024192s ]
INFO: [ view_filter ] --START--
INFO: Run ContentReplace Behavior [ RunTime:-0.127920s ]
INFO: Run TokenBuild Behavior [ RunTime:-0.128214s ]
INFO: Run WriteHtmlCache Behavior [ RunTime:-0.128484s ]
INFO: Run ShowRuntime Behavior [ RunTime:-0.128616s ]
INFO: [ view_filter ] --END-- [ RunTime:0.000963s ]
INFO: [ view_end ] --START--
INFO: Run ShowPageTrace Behavior [ RunTime:-0.128971s ]
INFO: [ view_end ] --END-- [ RunTime:0.000334s ]

[ 2015-06-14T14:11:31+08:00 ] 61.151.186.141 /
SQL: SHOW COLUMNS FROM `tp_agent` [ RunTime:0.006768s ]
NOTIC: [8] Undefined index: HTTP_HOST /var/www/html/Lib/Core/App.class.php 第 71 行.
SQL: SELECT * FROM `tp_agent` WHERE ( `siteurl` = 'http://' ) LIMIT 1   [ RunTime:0.005084s ]
INFO: [ app_begin ] --START--
INFO: Run ReadHtmlCache Behavior [ RunTime:0.000400s ]
INFO: [ app_begin ] --END-- [ RunTime:0.000443s ]
NOTIC: [8] Undefined index: HTTP_HOST /var/www/html/Lib/Core/Action.class.php 第 356 行.
NOTIC: [8] Undefined offset: 1 /var/www/html/Lib/Core/Action.class.php 第 57 行.
NOTIC: [8] Undefined index: HTTP_USER_AGENT /var/www/html/PigCms/Lib/Action/BaseAction.class.php 第 21 行.
SQL: SHOW COLUMNS FROM `tp_agent` [ RunTime:0.006739s ]
NOTIC: [8] Undefined index: HTTP_HOST /var/www/html/PigCms/Lib/Action/BaseAction.class.php 第 335 行.
SQL: SELECT * FROM `tp_agent` WHERE ( `siteurl` = 'http://' ) LIMIT 1   [ RunTime:0.004768s ]
NOTIC: [8] Undefined index: HTTP_HOST /var/www/html/PigCms/Lib/Action/BaseAction.class.php 第 339 行.
NOTIC: [8] Undefined index: HTTP_HOST /var/www/html/PigCms/Lib/Action/BaseAction.class.php 第 38 行.
NOTIC: [8] Undefined index: nomsite /var/www/html/PigCms/Lib/Action/BaseAction.class.php 第 38 行.
SQL: SHOW COLUMNS FROM `tp_mobilesite` [ RunTime:0.005141s ]
NOTIC: [8] Undefined index: HTTP_HOST /var/www/html/PigCms/Lib/Action/BaseAction.class.php 第 366 行.
NOTIC: [8] Undefined index:  /var/www/html/PigCms/Lib/Action/BaseAction.class.php 第 366 行.
NOTIC: [8] Undefined index: HTTP_HOST /var/www/html/PigCms/Lib/Action/BaseAction.class.php 第 370 行.
SQL: SELECT * FROM `tp_mobilesite` WHERE ( `owndomain` = null ) LIMIT 1   [ RunTime:0.004582s ]
NOTIC: [8] Undefined index: HTTP_HOST /var/www/html/PigCms/Lib/Action/BaseAction.class.php 第 439 行.
NOTIC: [8] Undefined index: HTTP_HOST /var/www/html/PigCms/Lib/Action/BaseAction.class.php 第 62 行.
SQL: SELECT * FROM `tp_agent` WHERE ( `siteurl` = 'http://' ) LIMIT 1   [ RunTime:0.004654s ]
NOTIC: [8] Constant STATICS already defined /var/www/html/PigCms/Lib/Action/BaseAction.class.php 第 119 行.
SQL: SHOW COLUMNS FROM `tp_images` [ RunTime:0.005004s ]
SQL: SELECT * FROM `tp_images` LIMIT 1   [ RunTime:0.004461s ]
NOTIC: [8] Undefined index: showNotice /var/www/html/PigCms/Lib/Action/Home/IndexAction.class.php 第 56 行.
SQL: SHOW COLUMNS FROM `tp_links` [ RunTime:0.004778s ]
SQL: SELECT * FROM `tp_links` WHERE ( `status` = 1 ) AND ( `agentid` = 0 )  [ RunTime:0.004527s ]
SQL: SHOW COLUMNS FROM `tp_renew` [ RunTime:0.005137s ]
SQL: SHOW COLUMNS FROM `tp_banners` [ RunTime:0.004959s ]
SQL: SHOW COLUMNS FROM `tp_case` [ RunTime:0.004940s ]
SQL: SELECT * FROM `tp_renew` WHERE ( `agentid` = 0 ) ORDER BY id DESC LIMIT 5   [ RunTime:0.004496s ]
SQL: SELECT * FROM `tp_banners` WHERE ( `status` = 1 ) AND ( `agentid` = 0 ) ORDER BY id DESC  [ RunTime:0.004598s ]
SQL: SELECT * FROM `tp_case` WHERE ( `status` = 1 ) AND ( `agentid` = 0 ) ORDER BY id DESC LIMIT 10   [ RunTime:0.004550s ]
SQL: SHOW COLUMNS FROM `tp_news` [ RunTime:0.005265s ]
SQL: SELECT * FROM `tp_news` WHERE ( `agentid` = 0 ) LIMIT 1   [ RunTime:0.004548s ]
SQL: SHOW COLUMNS FROM `tp_img` [ RunTime:0.005800s ]
SQL: SELECT * FROM `tp_img` WHERE ( `classid` = null ) ORDER BY id DESC LIMIT 5   [ RunTime:0.004636s ]
SQL: SELECT * FROM `tp_img` WHERE ( `classid` = null ) ORDER BY id DESC LIMIT 5   [ RunTime:0.004667s ]
SQL: SELECT * FROM `tp_img` WHERE ( `classid` = null ) ORDER BY id DESC LIMIT 5   [ RunTime:0.004573s ]
INFO: [ view_template ] --START--
INFO: Run LocationTemplate Behavior [ RunTime:-0.110349s ]
INFO: [ view_template ] --END-- [ RunTime:0.000297s ]
INFO: [ view_parse ] --START--
NOTIC: [8] Use of undefined constant uid - assumed 'uid' /var/www/html/Conf/logs/Cache/Home/e8edd32bcbb2d7ab2f0f8d14c550c52b.php 第 94 行.
NOTIC: [8] Undefined index: uid /var/www/html/Conf/logs/Cache/Home/e8edd32bcbb2d7ab2f0f8d14c550c52b.php 第 94 行.
INFO: Run ParseTemplate Behavior [ RunTime:-0.110682s ]
INFO: [ view_parse ] --END-- [ RunTime:0.023503s ]
INFO: [ view_filter ] --START--
INFO: Run ContentReplace Behavior [ RunTime:-0.134215s ]
INFO: Run TokenBuild Behavior [ RunTime:-0.134437s ]
INFO: Run WriteHtmlCache Behavior [ RunTime:-0.134706s ]
INFO: Run ShowRuntime Behavior [ RunTime:-0.134818s ]
INFO: [ view_filter ] --END-- [ RunTime:0.000863s ]
INFO: [ view_end ] --START--
INFO: Run ShowPageTrace Behavior [ RunTime:-0.135143s ]
INFO: [ view_end ] --END-- [ RunTime:0.000325s ]

[ 2015-06-14T14:17:25+08:00 ] 101.226.103.146 
SQL: SHOW COLUMNS FROM `tp_agent` [ RunTime:0.005447s ]
NOTIC: [8] Undefined index: HTTP_HOST /var/www/html/Lib/Core/App.class.php 第 71 行.
SQL: SELECT * FROM `tp_agent` WHERE ( `siteurl` = 'http://' ) LIMIT 1   [ RunTime:0.003953s ]
INFO: [ app_begin ] --START--
INFO: Run ReadHtmlCache Behavior [ RunTime:0.000347s ]
INFO: [ app_begin ] --END-- [ RunTime:0.000386s ]
NOTIC: [8] Undefined index: HTTP_HOST /var/www/html/Lib/Core/Action.class.php 第 356 行.
NOTIC: [8] Undefined offset: 1 /var/www/html/Lib/Core/Action.class.php 第 57 行.
NOTIC: [8] Undefined index: HTTP_USER_AGENT /var/www/html/PigCms/Lib/Action/BaseAction.class.php 第 21 行.
SQL: SHOW COLUMNS FROM `tp_agent` [ RunTime:0.005000s ]
NOTIC: [8] Undefined index: HTTP_HOST /var/www/html/PigCms/Lib/Action/BaseAction.class.php 第 335 行.
SQL: SELECT * FROM `tp_agent` WHERE ( `siteurl` = 'http://' ) LIMIT 1   [ RunTime:0.003903s ]
NOTIC: [8] Undefined index: HTTP_HOST /var/www/html/PigCms/Lib/Action/BaseAction.class.php 第 339 行.
NOTIC: [8] Undefined index: HTTP_HOST /var/www/html/PigCms/Lib/Action/BaseAction.class.php 第 38 行.
NOTIC: [8] Undefined index: nomsite /var/www/html/PigCms/Lib/Action/BaseAction.class.php 第 38 行.
SQL: SHOW COLUMNS FROM `tp_mobilesite` [ RunTime:0.004161s ]
NOTIC: [8] Undefined index: HTTP_HOST /var/www/html/PigCms/Lib/Action/BaseAction.class.php 第 366 行.
NOTIC: [8] Undefined index:  /var/www/html/PigCms/Lib/Action/BaseAction.class.php 第 366 行.
NOTIC: [8] Undefined index: HTTP_HOST /var/www/html/PigCms/Lib/Action/BaseAction.class.php 第 370 行.
SQL: SELECT * FROM `tp_mobilesite` WHERE ( `owndomain` = null ) LIMIT 1   [ RunTime:0.003800s ]
NOTIC: [8] Undefined index: HTTP_HOST /var/www/html/PigCms/Lib/Action/BaseAction.class.php 第 439 行.
NOTIC: [8] Undefined index: HTTP_HOST /var/www/html/PigCms/Lib/Action/BaseAction.class.php 第 62 行.
SQL: SELECT * FROM `tp_agent` WHERE ( `siteurl` = 'http://' ) LIMIT 1   [ RunTime:0.003973s ]
NOTIC: [8] Constant STATICS already defined /var/www/html/PigCms/Lib/Action/BaseAction.class.php 第 119 行.
SQL: SHOW COLUMNS FROM `tp_images` [ RunTime:0.004298s ]
SQL: SELECT * FROM `tp_images` LIMIT 1   [ RunTime:0.003819s ]
NOTIC: [8] Undefined index: showNotice /var/www/html/PigCms/Lib/Action/Home/IndexAction.class.php 第 56 行.
SQL: SHOW COLUMNS FROM `tp_links` [ RunTime:0.004099s ]
SQL: SELECT * FROM `tp_links` WHERE ( `status` = 1 ) AND ( `agentid` = 0 )  [ RunTime:0.003803s ]
SQL: SHOW COLUMNS FROM `tp_renew` [ RunTime:0.004372s ]
SQL: SHOW COLUMNS FROM `tp_banners` [ RunTime:0.005120s ]
SQL: SHOW COLUMNS FROM `tp_case` [ RunTime:0.004365s ]
SQL: SELECT * FROM `tp_renew` WHERE ( `agentid` = 0 ) ORDER BY id DESC LIMIT 5   [ RunTime:0.003846s ]
SQL: SELECT * FROM `tp_banners` WHERE ( `status` = 1 ) AND ( `agentid` = 0 ) ORDER BY id DESC  [ RunTime:0.003807s ]
SQL: SELECT * FROM `tp_case` WHERE ( `status` = 1 ) AND ( `agentid` = 0 ) ORDER BY id DESC LIMIT 10   [ RunTime:0.003812s ]
SQL: SHOW COLUMNS FROM `tp_news` [ RunTime:0.004711s ]
SQL: SELECT * FROM `tp_news` WHERE ( `agentid` = 0 ) LIMIT 1   [ RunTime:0.003886s ]
SQL: SHOW COLUMNS FROM `tp_img` [ RunTime:0.004565s ]
SQL: SELECT * FROM `tp_img` WHERE ( `classid` = null ) ORDER BY id DESC LIMIT 5   [ RunTime:0.003888s ]
SQL: SELECT * FROM `tp_img` WHERE ( `classid` = null ) ORDER BY id DESC LIMIT 5   [ RunTime:0.004563s ]
SQL: SELECT * FROM `tp_img` WHERE ( `classid` = null ) ORDER BY id DESC LIMIT 5   [ RunTime:0.003901s ]
INFO: [ view_template ] --START--
INFO: Run LocationTemplate Behavior [ RunTime:-0.094517s ]
INFO: [ view_template ] --END-- [ RunTime:0.000230s ]
INFO: [ view_parse ] --START--
NOTIC: [8] Use of undefined constant uid - assumed 'uid' /var/www/html/Conf/logs/Cache/Home/e8edd32bcbb2d7ab2f0f8d14c550c52b.php 第 94 行.
NOTIC: [8] Undefined index: uid /var/www/html/Conf/logs/Cache/Home/e8edd32bcbb2d7ab2f0f8d14c550c52b.php 第 94 行.
INFO: Run ParseTemplate Behavior [ RunTime:-0.094776s ]
INFO: [ view_parse ] --END-- [ RunTime:0.021600s ]
INFO: [ view_filter ] --START--
INFO: Run ContentReplace Behavior [ RunTime:-0.116430s ]
INFO: Run TokenBuild Behavior [ RunTime:-0.116647s ]
INFO: Run WriteHtmlCache Behavior [ RunTime:-0.116887s ]
INFO: Run ShowRuntime Behavior [ RunTime:-0.117007s ]
INFO: [ view_filter ] --END-- [ RunTime:0.000824s ]
INFO: [ view_end ] --START--
INFO: Run ShowPageTrace Behavior [ RunTime:-0.117307s ]
INFO: [ view_end ] --END-- [ RunTime:0.000329s ]

[ 2015-06-14T14:21:26+08:00 ] 101.227.131.143 /index.php
SQL: SHOW COLUMNS FROM `tp_agent` [ RunTime:0.005200s ]
SQL: SELECT * FROM `tp_agent` WHERE ( `siteurl` = 'http://119.29.116.37' ) LIMIT 1   [ RunTime:0.004451s ]
INFO: [ app_begin ] --START--
INFO: Run ReadHtmlCache Behavior [ RunTime:0.000420s ]
INFO: [ app_begin ] --END-- [ RunTime:0.000465s ]
SQL: SHOW COLUMNS FROM `tp_agent` [ RunTime:0.005509s ]
SQL: SELECT * FROM `tp_agent` WHERE ( `siteurl` = 'http://119.29.116.37' ) LIMIT 1   [ RunTime:0.004086s ]
NOTIC: [8] Undefined index: 119.29.116.37nomsite /var/www/html/PigCms/Lib/Action/BaseAction.class.php 第 38 行.
SQL: SHOW COLUMNS FROM `tp_mobilesite` [ RunTime:0.004309s ]
NOTIC: [8] Undefined index: 119.29.116.37 /var/www/html/PigCms/Lib/Action/BaseAction.class.php 第 366 行.
SQL: SELECT * FROM `tp_mobilesite` WHERE ( `owndomain` = '119.29.116.37' ) LIMIT 1   [ RunTime:0.003989s ]
SQL: SELECT * FROM `tp_agent` WHERE ( `siteurl` = 'http://119.29.116.37' ) LIMIT 1   [ RunTime:0.004108s ]
NOTIC: [8] Constant STATICS already defined /var/www/html/PigCms/Lib/Action/BaseAction.class.php 第 119 行.
SQL: SHOW COLUMNS FROM `tp_images` [ RunTime:0.004326s ]
SQL: SELECT * FROM `tp_images` LIMIT 1   [ RunTime:0.003963s ]
NOTIC: [8] Undefined index: showNotice /var/www/html/PigCms/Lib/Action/Home/IndexAction.class.php 第 56 行.
SQL: SHOW COLUMNS FROM `tp_links` [ RunTime:0.004495s ]
SQL: SELECT * FROM `tp_links` WHERE ( `status` = 1 ) AND ( `agentid` = 0 )  [ RunTime:0.004034s ]
SQL: SHOW COLUMNS FROM `tp_renew` [ RunTime:0.004528s ]
SQL: SHOW COLUMNS FROM `tp_banners` [ RunTime:0.004579s ]
SQL: SHOW COLUMNS FROM `tp_case` [ RunTime:0.004526s ]
SQL: SELECT * FROM `tp_renew` WHERE ( `agentid` = 0 ) ORDER BY id DESC LIMIT 5   [ RunTime:0.003997s ]
SQL: SELECT * FROM `tp_banners` WHERE ( `status` = 1 ) AND ( `agentid` = 0 ) ORDER BY id DESC  [ RunTime:0.004216s ]
SQL: SELECT * FROM `tp_case` WHERE ( `status` = 1 ) AND ( `agentid` = 0 ) ORDER BY id DESC LIMIT 10   [ RunTime:0.003978s ]
SQL: SHOW COLUMNS FROM `tp_news` [ RunTime:0.004794s ]
SQL: SELECT * FROM `tp_news` WHERE ( `agentid` = 0 ) LIMIT 1   [ RunTime:0.004326s ]
SQL: SHOW COLUMNS FROM `tp_img` [ RunTime:0.004682s ]
SQL: SELECT * FROM `tp_img` WHERE ( `classid` = null ) ORDER BY id DESC LIMIT 5   [ RunTime:0.004102s ]
SQL: SELECT * FROM `tp_img` WHERE ( `classid` = null ) ORDER BY id DESC LIMIT 5   [ RunTime:0.004050s ]
SQL: SELECT * FROM `tp_img` WHERE ( `classid` = null ) ORDER BY id DESC LIMIT 5   [ RunTime:0.004061s ]
INFO: [ view_template ] --START--
INFO: Run LocationTemplate Behavior [ RunTime:-0.098572s ]
INFO: [ view_template ] --END-- [ RunTime:0.000344s ]
INFO: [ view_parse ] --START--
NOTIC: [8] Use of undefined constant uid - assumed 'uid' /var/www/html/Conf/logs/Cache/Home/e8edd32bcbb2d7ab2f0f8d14c550c52b.php 第 94 行.
NOTIC: [8] Undefined index: uid /var/www/html/Conf/logs/Cache/Home/e8edd32bcbb2d7ab2f0f8d14c550c52b.php 第 94 行.
INFO: Run ParseTemplate Behavior [ RunTime:-0.098951s ]
INFO: [ view_parse ] --END-- [ RunTime:0.022971s ]
INFO: [ view_filter ] --START--
INFO: Run ContentReplace Behavior [ RunTime:-0.121941s ]
INFO: Run TokenBuild Behavior [ RunTime:-0.122201s ]
INFO: Run WriteHtmlCache Behavior [ RunTime:-0.122480s ]
INFO: Run ShowRuntime Behavior [ RunTime:-0.122607s ]
INFO: [ view_filter ] --END-- [ RunTime:0.000945s ]
INFO: [ view_end ] --START--
INFO: Run ShowPageTrace Behavior [ RunTime:-0.122942s ]
INFO: [ view_end ] --END-- [ RunTime:0.000340s ]

[ 2015-06-14T14:21:27+08:00 ] 101.227.131.143 /index.php
SQL: SHOW COLUMNS FROM `tp_agent` [ RunTime:0.004753s ]
SQL: SELECT * FROM `tp_agent` WHERE ( `siteurl` = 'http://119.29.116.37' ) LIMIT 1   [ RunTime:0.003506s ]
INFO: [ app_begin ] --START--
INFO: Run ReadHtmlCache Behavior [ RunTime:0.000418s ]
INFO: [ app_begin ] --END-- [ RunTime:0.000462s ]
SQL: SHOW COLUMNS FROM `tp_agent` [ RunTime:0.004413s ]
SQL: SELECT * FROM `tp_agent` WHERE ( `siteurl` = 'http://119.29.116.37' ) LIMIT 1   [ RunTime:0.003460s ]
NOTIC: [8] Undefined index: 119.29.116.37nomsite /var/www/html/PigCms/Lib/Action/BaseAction.class.php 第 38 行.
SQL: SHOW COLUMNS FROM `tp_mobilesite` [ RunTime:0.003872s ]
NOTIC: [8] Undefined index: 119.29.116.37 /var/www/html/PigCms/Lib/Action/BaseAction.class.php 第 366 行.
SQL: SELECT * FROM `tp_mobilesite` WHERE ( `owndomain` = '119.29.116.37' ) LIMIT 1   [ RunTime:0.003365s ]
SQL: SELECT * FROM `tp_agent` WHERE ( `siteurl` = 'http://119.29.116.37' ) LIMIT 1   [ RunTime:0.003474s ]
NOTIC: [8] Constant STATICS already defined /var/www/html/PigCms/Lib/Action/BaseAction.class.php 第 119 行.
SQL: SHOW COLUMNS FROM `tp_images` [ RunTime:0.003924s ]
SQL: SELECT * FROM `tp_images` LIMIT 1   [ RunTime:0.003381s ]
NOTIC: [8] Undefined index: showNotice /var/www/html/PigCms/Lib/Action/Home/IndexAction.class.php 第 56 行.
SQL: SHOW COLUMNS FROM `tp_links` [ RunTime:0.003836s ]
SQL: SELECT * FROM `tp_links` WHERE ( `status` = 1 ) AND ( `agentid` = 0 )  [ RunTime:0.003401s ]
SQL: SHOW COLUMNS FROM `tp_renew` [ RunTime:0.003953s ]
SQL: SHOW COLUMNS FROM `tp_banners` [ RunTime:0.003740s ]
SQL: SHOW COLUMNS FROM `tp_case` [ RunTime:0.003849s ]
SQL: SELECT * FROM `tp_renew` WHERE ( `agentid` = 0 ) ORDER BY id DESC LIMIT 5   [ RunTime:0.003384s ]
SQL: SELECT * FROM `tp_banners` WHERE ( `status` = 1 ) AND ( `agentid` = 0 ) ORDER BY id DESC  [ RunTime:0.003364s ]
SQL: SELECT * FROM `tp_case` WHERE ( `status` = 1 ) AND ( `agentid` = 0 ) ORDER BY id DESC LIMIT 10   [ RunTime:0.003356s ]
SQL: SHOW COLUMNS FROM `tp_news` [ RunTime:0.004220s ]
SQL: SELECT * FROM `tp_news` WHERE ( `agentid` = 0 ) LIMIT 1   [ RunTime:0.003365s ]
SQL: SHOW COLUMNS FROM `tp_img` [ RunTime:0.004398s ]
SQL: SELECT * FROM `tp_img` WHERE ( `classid` = null ) ORDER BY id DESC LIMIT 5   [ RunTime:0.003455s ]
SQL: SELECT * FROM `tp_img` WHERE ( `classid` = null ) ORDER BY id DESC LIMIT 5   [ RunTime:0.003402s ]
SQL: SELECT * FROM `tp_img` WHERE ( `classid` = null ) ORDER BY id DESC LIMIT 5   [ RunTime:0.003403s ]
INFO: [ view_template ] --START--
INFO: Run LocationTemplate Behavior [ RunTime:-0.083927s ]
INFO: [ view_template ] --END-- [ RunTime:0.000264s ]
INFO: [ view_parse ] --START--
NOTIC: [8] Use of undefined constant uid - assumed 'uid' /var/www/html/Conf/logs/Cache/Home/e8edd32bcbb2d7ab2f0f8d14c550c52b.php 第 94 行.
NOTIC: [8] Undefined index: uid /var/www/html/Conf/logs/Cache/Home/e8edd32bcbb2d7ab2f0f8d14c550c52b.php 第 94 行.
INFO: Run ParseTemplate Behavior [ RunTime:-0.084231s ]
INFO: [ view_parse ] --END-- [ RunTime:0.022585s ]
INFO: [ view_filter ] --START--
INFO: Run ContentReplace Behavior [ RunTime:-0.106853s ]
INFO: Run TokenBuild Behavior [ RunTime:-0.107101s ]
INFO: Run WriteHtmlCache Behavior [ RunTime:-0.107373s ]
INFO: Run ShowRuntime Behavior [ RunTime:-0.107488s ]
INFO: [ view_filter ] --END-- [ RunTime:0.000883s ]
INFO: [ view_end ] --START--
INFO: Run ShowPageTrace Behavior [ RunTime:-0.107794s ]
INFO: [ view_end ] --END-- [ RunTime:0.000329s ]

[ 2015-06-14T14:38:03+08:00 ] 180.153.6.103 /index.php?g%3DHome%26m%3DWeixin%26a%3Dindex%26token%3Dtwllsi1431226863%26signature%3Da36f1da97acfb6a0692102df48eed24015bea399%26timestamp%3D1434255435%26nonce%3D1831684537
SQL: SHOW COLUMNS FROM `tp_agent` [ RunTime:0.006143s ]
SQL: SELECT * FROM `tp_agent` WHERE ( `siteurl` = 'http://weixin.blbook.cn' ) LIMIT 1   [ RunTime:0.004573s ]
INFO: [ app_begin ] --START--
INFO: Run ReadHtmlCache Behavior [ RunTime:0.000382s ]
INFO: [ app_begin ] --END-- [ RunTime:0.000426s ]
SQL: SHOW COLUMNS FROM `tp_agent` [ RunTime:0.006496s ]
SQL: SELECT * FROM `tp_agent` WHERE ( `siteurl` = 'http://weixin.blbook.cn' ) LIMIT 1   [ RunTime:0.004628s ]
NOTIC: [8] Undefined index: weixin.blbook.cnnomsite /var/www/html/PigCms/Lib/Action/BaseAction.class.php 第 38 行.
SQL: SHOW COLUMNS FROM `tp_mobilesite` [ RunTime:0.005011s ]
NOTIC: [8] Undefined index: weixin.blbook.cn /var/www/html/PigCms/Lib/Action/BaseAction.class.php 第 366 行.
SQL: SELECT * FROM `tp_mobilesite` WHERE ( `owndomain` = 'weixin.blbook.cn' ) LIMIT 1   [ RunTime:0.004557s ]
SQL: SELECT * FROM `tp_agent` WHERE ( `siteurl` = 'http://weixin.blbook.cn' ) LIMIT 1   [ RunTime:0.004743s ]
NOTIC: [8] Constant STATICS already defined /var/www/html/PigCms/Lib/Action/BaseAction.class.php 第 119 行.
SQL: SHOW COLUMNS FROM `tp_images` [ RunTime:0.004964s ]
SQL: SELECT * FROM `tp_images` LIMIT 1   [ RunTime:0.004487s ]
NOTIC: [8] Undefined index: showNotice /var/www/html/PigCms/Lib/Action/Home/IndexAction.class.php 第 56 行.
SQL: SHOW COLUMNS FROM `tp_links` [ RunTime:0.005142s ]
SQL: SELECT * FROM `tp_links` WHERE ( `status` = 1 ) AND ( `agentid` = 0 )  [ RunTime:0.004581s ]
SQL: SHOW COLUMNS FROM `tp_renew` [ RunTime:0.005052s ]
SQL: SHOW COLUMNS FROM `tp_banners` [ RunTime:0.005185s ]
SQL: SHOW COLUMNS FROM `tp_case` [ RunTime:0.004954s ]
SQL: SELECT * FROM `tp_renew` WHERE ( `agentid` = 0 ) ORDER BY id DESC LIMIT 5   [ RunTime:0.004429s ]
SQL: SELECT * FROM `tp_banners` WHERE ( `status` = 1 ) AND ( `agentid` = 0 ) ORDER BY id DESC  [ RunTime:0.004455s ]
SQL: SELECT * FROM `tp_case` WHERE ( `status` = 1 ) AND ( `agentid` = 0 ) ORDER BY id DESC LIMIT 10   [ RunTime:0.004440s ]
SQL: SHOW COLUMNS FROM `tp_news` [ RunTime:0.005348s ]
SQL: SELECT * FROM `tp_news` WHERE ( `agentid` = 0 ) LIMIT 1   [ RunTime:0.004457s ]
SQL: SHOW COLUMNS FROM `tp_img` [ RunTime:0.005231s ]
SQL: SELECT * FROM `tp_img` WHERE ( `classid` = null ) ORDER BY id DESC LIMIT 5   [ RunTime:0.004587s ]
SQL: SELECT * FROM `tp_img` WHERE ( `classid` = null ) ORDER BY id DESC LIMIT 5   [ RunTime:0.004501s ]
SQL: SELECT * FROM `tp_img` WHERE ( `classid` = null ) ORDER BY id DESC LIMIT 5   [ RunTime:0.004506s ]
INFO: [ view_template ] --START--
INFO: Run LocationTemplate Behavior [ RunTime:-0.108440s ]
INFO: [ view_template ] --END-- [ RunTime:0.000263s ]
INFO: [ view_parse ] --START--
NOTIC: [8] Use of undefined constant uid - assumed 'uid' /var/www/html/Conf/logs/Cache/Home/e8edd32bcbb2d7ab2f0f8d14c550c52b.php 第 94 行.
NOTIC: [8] Undefined index: uid /var/www/html/Conf/logs/Cache/Home/e8edd32bcbb2d7ab2f0f8d14c550c52b.php 第 94 行.
INFO: Run ParseTemplate Behavior [ RunTime:-0.108743s ]
INFO: [ view_parse ] --END-- [ RunTime:0.023344s ]
INFO: [ view_filter ] --START--
INFO: Run ContentReplace Behavior [ RunTime:-0.132133s ]
INFO: Run TokenBuild Behavior [ RunTime:-0.132401s ]
INFO: Run WriteHtmlCache Behavior [ RunTime:-0.132676s ]
INFO: Run ShowRuntime Behavior [ RunTime:-0.132792s ]
INFO: [ view_filter ] --END-- [ RunTime:0.000901s ]
INFO: [ view_end ] --START--
INFO: Run ShowPageTrace Behavior [ RunTime:-0.133103s ]
INFO: [ view_end ] --END-- [ RunTime:0.000369s ]

[ 2015-06-14T19:22:20+08:00 ] 101.227.131.143 /index.php
SQL: SHOW COLUMNS FROM `tp_agent` [ RunTime:0.005643s ]
SQL: SELECT * FROM `tp_agent` WHERE ( `siteurl` = 'http://119.29.116.37' ) LIMIT 1   [ RunTime:0.004059s ]
INFO: [ app_begin ] --START--
INFO: Run ReadHtmlCache Behavior [ RunTime:0.000297s ]
INFO: [ app_begin ] --END-- [ RunTime:0.000335s ]
SQL: SHOW COLUMNS FROM `tp_agent` [ RunTime:0.005025s ]
SQL: SELECT * FROM `tp_agent` WHERE ( `siteurl` = 'http://119.29.116.37' ) LIMIT 1   [ RunTime:0.004067s ]
NOTIC: [8] Undefined index: 119.29.116.37nomsite /var/www/html/PigCms/Lib/Action/BaseAction.class.php 第 38 行.
SQL: SHOW COLUMNS FROM `tp_mobilesite` [ RunTime:0.004330s ]
NOTIC: [8] Undefined index: 119.29.116.37 /var/www/html/PigCms/Lib/Action/BaseAction.class.php 第 366 行.
SQL: SELECT * FROM `tp_mobilesite` WHERE ( `owndomain` = '119.29.116.37' ) LIMIT 1   [ RunTime:0.003858s ]
SQL: SELECT * FROM `tp_agent` WHERE ( `siteurl` = 'http://119.29.116.37' ) LIMIT 1   [ RunTime:0.003996s ]
NOTIC: [8] Constant STATICS already defined /var/www/html/PigCms/Lib/Action/BaseAction.class.php 第 119 行.
SQL: SHOW COLUMNS FROM `tp_images` [ RunTime:0.004339s ]
SQL: SELECT * FROM `tp_images` LIMIT 1   [ RunTime:0.003841s ]
NOTIC: [8] Undefined index: showNotice /var/www/html/PigCms/Lib/Action/Home/IndexAction.class.php 第 56 行.
SQL: SHOW COLUMNS FROM `tp_links` [ RunTime:0.004483s ]
SQL: SELECT * FROM `tp_links` WHERE ( `status` = 1 ) AND ( `agentid` = 0 )  [ RunTime:0.003898s ]
SQL: SHOW COLUMNS FROM `tp_renew` [ RunTime:0.004360s ]
SQL: SHOW COLUMNS FROM `tp_banners` [ RunTime:0.004131s ]
SQL: SHOW COLUMNS FROM `tp_case` [ RunTime:0.004225s ]
SQL: SELECT * FROM `tp_renew` WHERE ( `agentid` = 0 ) ORDER BY id DESC LIMIT 5   [ RunTime:0.003870s ]
SQL: SELECT * FROM `tp_banners` WHERE ( `status` = 1 ) AND ( `agentid` = 0 ) ORDER BY id DESC  [ RunTime:0.003975s ]
SQL: SELECT * FROM `tp_case` WHERE ( `status` = 1 ) AND ( `agentid` = 0 ) ORDER BY id DESC LIMIT 10   [ RunTime:0.003851s ]
SQL: SHOW COLUMNS FROM `tp_news` [ RunTime:0.004586s ]
SQL: SELECT * FROM `tp_news` WHERE ( `agentid` = 0 ) LIMIT 1   [ RunTime:0.003898s ]
SQL: SHOW COLUMNS FROM `tp_img` [ RunTime:0.004849s ]
SQL: SELECT * FROM `tp_img` WHERE ( `classid` = null ) ORDER BY id DESC LIMIT 5   [ RunTime:0.003946s ]
SQL: SELECT * FROM `tp_img` WHERE ( `classid` = null ) ORDER BY id DESC LIMIT 5   [ RunTime:0.003968s ]
SQL: SELECT * FROM `tp_img` WHERE ( `classid` = null ) ORDER BY id DESC LIMIT 5   [ RunTime:0.003901s ]
INFO: [ view_template ] --START--
INFO: Run LocationTemplate Behavior [ RunTime:-0.093743s ]
INFO: [ view_template ] --END-- [ RunTime:0.000273s ]
INFO: [ view_parse ] --START--
NOTIC: [8] Use of undefined constant uid - assumed 'uid' /var/www/html/Conf/logs/Cache/Home/e8edd32bcbb2d7ab2f0f8d14c550c52b.php 第 94 行.
NOTIC: [8] Undefined index: uid /var/www/html/Conf/logs/Cache/Home/e8edd32bcbb2d7ab2f0f8d14c550c52b.php 第 94 行.
INFO: Run ParseTemplate Behavior [ RunTime:-0.094049s ]
INFO: [ view_parse ] --END-- [ RunTime:0.022014s ]
INFO: [ view_filter ] --START--
INFO: Run ContentReplace Behavior [ RunTime:-0.116111s ]
INFO: Run TokenBuild Behavior [ RunTime:-0.116349s ]
INFO: Run WriteHtmlCache Behavior [ RunTime:-0.116627s ]
INFO: Run ShowRuntime Behavior [ RunTime:-0.116760s ]
INFO: [ view_filter ] --END-- [ RunTime:0.000905s ]
INFO: [ view_end ] --START--
INFO: Run ShowPageTrace Behavior [ RunTime:-0.117067s ]
INFO: [ view_end ] --END-- [ RunTime:0.000378s ]

[ 2015-06-14T19:22:20+08:00 ] 101.227.131.143 /index.php
SQL: SHOW COLUMNS FROM `tp_agent` [ RunTime:0.005215s ]
SQL: SELECT * FROM `tp_agent` WHERE ( `siteurl` = 'http://119.29.116.37' ) LIMIT 1   [ RunTime:0.003571s ]
INFO: [ app_begin ] --START--
INFO: Run ReadHtmlCache Behavior [ RunTime:0.000452s ]
INFO: [ app_begin ] --END-- [ RunTime:0.000508s ]
SQL: SHOW COLUMNS FROM `tp_agent` [ RunTime:0.004566s ]
SQL: SELECT * FROM `tp_agent` WHERE ( `siteurl` = 'http://119.29.116.37' ) LIMIT 1   [ RunTime:0.003514s ]
NOTIC: [8] Undefined index: 119.29.116.37nomsite /var/www/html/PigCms/Lib/Action/BaseAction.class.php 第 38 行.
SQL: SHOW COLUMNS FROM `tp_mobilesite` [ RunTime:0.003821s ]
NOTIC: [8] Undefined index: 119.29.116.37 /var/www/html/PigCms/Lib/Action/BaseAction.class.php 第 366 行.
SQL: SELECT * FROM `tp_mobilesite` WHERE ( `owndomain` = '119.29.116.37' ) LIMIT 1   [ RunTime:0.003415s ]
SQL: SELECT * FROM `tp_agent` WHERE ( `siteurl` = 'http://119.29.116.37' ) LIMIT 1   [ RunTime:0.003496s ]
NOTIC: [8] Constant STATICS already defined /var/www/html/PigCms/Lib/Action/BaseAction.class.php 第 119 行.
SQL: SHOW COLUMNS FROM `tp_images` [ RunTime:0.003835s ]
SQL: SELECT * FROM `tp_images` LIMIT 1   [ RunTime:0.003367s ]
NOTIC: [8] Undefined index: showNotice /var/www/html/PigCms/Lib/Action/Home/IndexAction.class.php 第 56 行.
SQL: SHOW COLUMNS FROM `tp_links` [ RunTime:0.003694s ]
SQL: SELECT * FROM `tp_links` WHERE ( `status` = 1 ) AND ( `agentid` = 0 )  [ RunTime:0.003391s ]
SQL: SHOW COLUMNS FROM `tp_renew` [ RunTime:0.003883s ]
SQL: SHOW COLUMNS FROM `tp_banners` [ RunTime:0.003666s ]
SQL: SHOW COLUMNS FROM `tp_case` [ RunTime:0.003892s ]
SQL: SELECT * FROM `tp_renew` WHERE ( `agentid` = 0 ) ORDER BY id DESC LIMIT 5   [ RunTime:0.003444s ]
SQL: SELECT * FROM `tp_banners` WHERE ( `status` = 1 ) AND ( `agentid` = 0 ) ORDER BY id DESC  [ RunTime:0.003544s ]
SQL: SELECT * FROM `tp_case` WHERE ( `status` = 1 ) AND ( `agentid` = 0 ) ORDER BY id DESC LIMIT 10   [ RunTime:0.003395s ]
SQL: SHOW COLUMNS FROM `tp_news` [ RunTime:0.004299s ]
SQL: SELECT * FROM `tp_news` WHERE ( `agentid` = 0 ) LIMIT 1   [ RunTime:0.003470s ]
SQL: SHOW COLUMNS FROM `tp_img` [ RunTime:0.004263s ]
SQL: SELECT * FROM `tp_img` WHERE ( `classid` = null ) ORDER BY id DESC LIMIT 5   [ RunTime:0.003486s ]
SQL: SELECT * FROM `tp_img` WHERE ( `classid` = null ) ORDER BY id DESC LIMIT 5   [ RunTime:0.003465s ]
SQL: SELECT * FROM `tp_img` WHERE ( `classid` = null ) ORDER BY id DESC LIMIT 5   [ RunTime:0.003453s ]
INFO: [ view_template ] --START--
INFO: Run LocationTemplate Behavior [ RunTime:-0.084391s ]
INFO: [ view_template ] --END-- [ RunTime:0.000256s ]
INFO: [ view_parse ] --START--
NOTIC: [8] Use of undefined constant uid - assumed 'uid' /var/www/html/Conf/logs/Cache/Home/e8edd32bcbb2d7ab2f0f8d14c550c52b.php 第 94 行.
NOTIC: [8] Undefined index: uid /var/www/html/Conf/logs/Cache/Home/e8edd32bcbb2d7ab2f0f8d14c550c52b.php 第 94 行.
INFO: Run ParseTemplate Behavior [ RunTime:-0.084688s ]
INFO: [ view_parse ] --END-- [ RunTime:0.022825s ]
INFO: [ view_filter ] --START--
INFO: Run ContentReplace Behavior [ RunTime:-0.107542s ]
INFO: Run TokenBuild Behavior [ RunTime:-0.107801s ]
INFO: Run WriteHtmlCache Behavior [ RunTime:-0.108058s ]
INFO: Run ShowRuntime Behavior [ RunTime:-0.108189s ]
INFO: [ view_filter ] --END-- [ RunTime:0.000907s ]
INFO: [ view_end ] --START--
INFO: Run ShowPageTrace Behavior [ RunTime:-0.108504s ]
INFO: [ view_end ] --END-- [ RunTime:0.000333s ]

[ 2015-06-14T20:16:30+08:00 ] 61.151.186.141 /
SQL: SHOW COLUMNS FROM `tp_agent` [ RunTime:0.005827s ]
NOTIC: [8] Undefined index: HTTP_HOST /var/www/html/Lib/Core/App.class.php 第 71 行.
SQL: SELECT * FROM `tp_agent` WHERE ( `siteurl` = 'http://' ) LIMIT 1   [ RunTime:0.004471s ]
INFO: [ app_begin ] --START--
INFO: Run ReadHtmlCache Behavior [ RunTime:0.000394s ]
INFO: [ app_begin ] --END-- [ RunTime:0.000440s ]
NOTIC: [8] Undefined index: HTTP_HOST /var/www/html/Lib/Core/Action.class.php 第 356 行.
NOTIC: [8] Undefined offset: 1 /var/www/html/Lib/Core/Action.class.php 第 57 行.
NOTIC: [8] Undefined index: HTTP_USER_AGENT /var/www/html/PigCms/Lib/Action/BaseAction.class.php 第 21 行.
SQL: SHOW COLUMNS FROM `tp_agent` [ RunTime:0.005548s ]
NOTIC: [8] Undefined index: HTTP_HOST /var/www/html/PigCms/Lib/Action/BaseAction.class.php 第 335 行.
SQL: SELECT * FROM `tp_agent` WHERE ( `siteurl` = 'http://' ) LIMIT 1   [ RunTime:0.004523s ]
NOTIC: [8] Undefined index: HTTP_HOST /var/www/html/PigCms/Lib/Action/BaseAction.class.php 第 339 行.
NOTIC: [8] Undefined index: HTTP_HOST /var/www/html/PigCms/Lib/Action/BaseAction.class.php 第 38 行.
NOTIC: [8] Undefined index: nomsite /var/www/html/PigCms/Lib/Action/BaseAction.class.php 第 38 行.
SQL: SHOW COLUMNS FROM `tp_mobilesite` [ RunTime:0.004811s ]
NOTIC: [8] Undefined index: HTTP_HOST /var/www/html/PigCms/Lib/Action/BaseAction.class.php 第 366 行.
NOTIC: [8] Undefined index:  /var/www/html/PigCms/Lib/Action/BaseAction.class.php 第 366 行.
NOTIC: [8] Undefined index: HTTP_HOST /var/www/html/PigCms/Lib/Action/BaseAction.class.php 第 370 行.
SQL: SELECT * FROM `tp_mobilesite` WHERE ( `owndomain` = null ) LIMIT 1   [ RunTime:0.004386s ]
NOTIC: [8] Undefined index: HTTP_HOST /var/www/html/PigCms/Lib/Action/BaseAction.class.php 第 439 行.
NOTIC: [8] Undefined index: HTTP_HOST /var/www/html/PigCms/Lib/Action/BaseAction.class.php 第 62 行.
SQL: SELECT * FROM `tp_agent` WHERE ( `siteurl` = 'http://' ) LIMIT 1   [ RunTime:0.004479s ]
NOTIC: [8] Constant STATICS already defined /var/www/html/PigCms/Lib/Action/BaseAction.class.php 第 119 行.
SQL: SHOW COLUMNS FROM `tp_images` [ RunTime:0.004928s ]
SQL: SELECT * FROM `tp_images` LIMIT 1   [ RunTime:0.004383s ]
NOTIC: [8] Undefined index: showNotice /var/www/html/PigCms/Lib/Action/Home/IndexAction.class.php 第 56 行.
SQL: SHOW COLUMNS FROM `tp_links` [ RunTime:0.004892s ]
SQL: SELECT * FROM `tp_links` WHERE ( `status` = 1 ) AND ( `agentid` = 0 )  [ RunTime:0.004378s ]
SQL: SHOW COLUMNS FROM `tp_renew` [ RunTime:0.005041s ]
SQL: SHOW COLUMNS FROM `tp_banners` [ RunTime:0.004771s ]
SQL: SHOW COLUMNS FROM `tp_case` [ RunTime:0.004920s ]
SQL: SELECT * FROM `tp_renew` WHERE ( `agentid` = 0 ) ORDER BY id DESC LIMIT 5   [ RunTime:0.004405s ]
SQL: SELECT * FROM `tp_banners` WHERE ( `status` = 1 ) AND ( `agentid` = 0 ) ORDER BY id DESC  [ RunTime:0.004392s ]
SQL: SELECT * FROM `tp_case` WHERE ( `status` = 1 ) AND ( `agentid` = 0 ) ORDER BY id DESC LIMIT 10   [ RunTime:0.004517s ]
SQL: SHOW COLUMNS FROM `tp_news` [ RunTime:0.005924s ]
SQL: SELECT * FROM `tp_news` WHERE ( `agentid` = 0 ) LIMIT 1   [ RunTime:0.004498s ]
SQL: SHOW COLUMNS FROM `tp_img` [ RunTime:0.005336s ]
SQL: SELECT * FROM `tp_img` WHERE ( `classid` = null ) ORDER BY id DESC LIMIT 5   [ RunTime:0.004482s ]
SQL: SELECT * FROM `tp_img` WHERE ( `classid` = null ) ORDER BY id DESC LIMIT 5   [ RunTime:0.004440s ]
SQL: SELECT * FROM `tp_img` WHERE ( `classid` = null ) ORDER BY id DESC LIMIT 5   [ RunTime:0.004544s ]
INFO: [ view_template ] --START--
INFO: Run LocationTemplate Behavior [ RunTime:-0.107050s ]
INFO: [ view_template ] --END-- [ RunTime:0.000351s ]
INFO: [ view_parse ] --START--
NOTIC: [8] Use of undefined constant uid - assumed 'uid' /var/www/html/Conf/logs/Cache/Home/e8edd32bcbb2d7ab2f0f8d14c550c52b.php 第 94 行.
NOTIC: [8] Undefined index: uid /var/www/html/Conf/logs/Cache/Home/e8edd32bcbb2d7ab2f0f8d14c550c52b.php 第 94 行.
INFO: Run ParseTemplate Behavior [ RunTime:-0.107438s ]
INFO: [ view_parse ] --END-- [ RunTime:0.022967s ]
INFO: [ view_filter ] --START--
INFO: Run ContentReplace Behavior [ RunTime:-0.130440s ]
INFO: Run TokenBuild Behavior [ RunTime:-0.130676s ]
INFO: Run WriteHtmlCache Behavior [ RunTime:-0.130936s ]
INFO: Run ShowRuntime Behavior [ RunTime:-0.131074s ]
INFO: [ view_filter ] --END-- [ RunTime:0.000888s ]
INFO: [ view_end ] --START--
INFO: Run ShowPageTrace Behavior [ RunTime:-0.131389s ]
INFO: [ view_end ] --END-- [ RunTime:0.000323s ]

[ 2015-06-14T21:16:58+08:00 ] 101.226.103.146 
SQL: SHOW COLUMNS FROM `tp_agent` [ RunTime:0.005544s ]
NOTIC: [8] Undefined index: HTTP_HOST /var/www/html/Lib/Core/App.class.php 第 71 行.
SQL: SELECT * FROM `tp_agent` WHERE ( `siteurl` = 'http://' ) LIMIT 1   [ RunTime:0.004415s ]
INFO: [ app_begin ] --START--
INFO: Run ReadHtmlCache Behavior [ RunTime:0.000458s ]
INFO: [ app_begin ] --END-- [ RunTime:0.000525s ]
NOTIC: [8] Undefined index: HTTP_HOST /var/www/html/Lib/Core/Action.class.php 第 356 行.
NOTIC: [8] Undefined offset: 1 /var/www/html/Lib/Core/Action.class.php 第 57 行.
NOTIC: [8] Undefined index: HTTP_USER_AGENT /var/www/html/PigCms/Lib/Action/BaseAction.class.php 第 21 行.
SQL: SHOW COLUMNS FROM `tp_agent` [ RunTime:0.006937s ]
NOTIC: [8] Undefined index: HTTP_HOST /var/www/html/PigCms/Lib/Action/BaseAction.class.php 第 335 行.
SQL: SELECT * FROM `tp_agent` WHERE ( `siteurl` = 'http://' ) LIMIT 1   [ RunTime:0.004410s ]
NOTIC: [8] Undefined index: HTTP_HOST /var/www/html/PigCms/Lib/Action/BaseAction.class.php 第 339 行.
NOTIC: [8] Undefined index: HTTP_HOST /var/www/html/PigCms/Lib/Action/BaseAction.class.php 第 38 行.
NOTIC: [8] Undefined index: nomsite /var/www/html/PigCms/Lib/Action/BaseAction.class.php 第 38 行.
SQL: SHOW COLUMNS FROM `tp_mobilesite` [ RunTime:0.004689s ]
NOTIC: [8] Undefined index: HTTP_HOST /var/www/html/PigCms/Lib/Action/BaseAction.class.php 第 366 行.
NOTIC: [8] Undefined index:  /var/www/html/PigCms/Lib/Action/BaseAction.class.php 第 366 行.
NOTIC: [8] Undefined index: HTTP_HOST /var/www/html/PigCms/Lib/Action/BaseAction.class.php 第 370 行.
SQL: SELECT * FROM `tp_mobilesite` WHERE ( `owndomain` = null ) LIMIT 1   [ RunTime:0.004033s ]
NOTIC: [8] Undefined index: HTTP_HOST /var/www/html/PigCms/Lib/Action/BaseAction.class.php 第 439 行.
NOTIC: [8] Undefined index: HTTP_HOST /var/www/html/PigCms/Lib/Action/BaseAction.class.php 第 62 行.
SQL: SELECT * FROM `tp_agent` WHERE ( `siteurl` = 'http://' ) LIMIT 1   [ RunTime:0.004139s ]
NOTIC: [8] Constant STATICS already defined /var/www/html/PigCms/Lib/Action/BaseAction.class.php 第 119 行.
SQL: SHOW COLUMNS FROM `tp_images` [ RunTime:0.004503s ]
SQL: SELECT * FROM `tp_images` LIMIT 1   [ RunTime:0.004063s ]
NOTIC: [8] Undefined index: showNotice /var/www/html/PigCms/Lib/Action/Home/IndexAction.class.php 第 56 行.
SQL: SHOW COLUMNS FROM `tp_links` [ RunTime:0.004563s ]
SQL: SELECT * FROM `tp_links` WHERE ( `status` = 1 ) AND ( `agentid` = 0 )  [ RunTime:0.003992s ]
SQL: SHOW COLUMNS FROM `tp_renew` [ RunTime:0.004365s ]
SQL: SHOW COLUMNS FROM `tp_banners` [ RunTime:0.004296s ]
SQL: SHOW COLUMNS FROM `tp_case` [ RunTime:0.004526s ]
SQL: SELECT * FROM `tp_renew` WHERE ( `agentid` = 0 ) ORDER BY id DESC LIMIT 5   [ RunTime:0.004045s ]
SQL: SELECT * FROM `tp_banners` WHERE ( `status` = 1 ) AND ( `agentid` = 0 ) ORDER BY id DESC  [ RunTime:0.003993s ]
SQL: SELECT * FROM `tp_case` WHERE ( `status` = 1 ) AND ( `agentid` = 0 ) ORDER BY id DESC LIMIT 10   [ RunTime:0.004038s ]
SQL: SHOW COLUMNS FROM `tp_news` [ RunTime:0.004949s ]
SQL: SELECT * FROM `tp_news` WHERE ( `agentid` = 0 ) LIMIT 1   [ RunTime:0.004138s ]
SQL: SHOW COLUMNS FROM `tp_img` [ RunTime:0.005225s ]
SQL: SELECT * FROM `tp_img` WHERE ( `classid` = null ) ORDER BY id DESC LIMIT 5   [ RunTime:0.004337s ]
SQL: SELECT * FROM `tp_img` WHERE ( `classid` = null ) ORDER BY id DESC LIMIT 5   [ RunTime:0.005339s ]
SQL: SELECT * FROM `tp_img` WHERE ( `classid` = null ) ORDER BY id DESC LIMIT 5   [ RunTime:0.005067s ]
INFO: [ view_template ] --START--
INFO: Run LocationTemplate Behavior [ RunTime:-0.107480s ]
INFO: [ view_template ] --END-- [ RunTime:0.000551s ]
INFO: [ view_parse ] --START--
NOTIC: [8] Use of undefined constant uid - assumed 'uid' /var/www/html/Conf/logs/Cache/Home/e8edd32bcbb2d7ab2f0f8d14c550c52b.php 第 94 行.
NOTIC: [8] Undefined index: uid /var/www/html/Conf/logs/Cache/Home/e8edd32bcbb2d7ab2f0f8d14c550c52b.php 第 94 行.
INFO: Run ParseTemplate Behavior [ RunTime:-0.108110s ]
INFO: [ view_parse ] --END-- [ RunTime:0.025145s ]
INFO: [ view_filter ] --START--
INFO: Run ContentReplace Behavior [ RunTime:-0.133283s ]
INFO: Run TokenBuild Behavior [ RunTime:-0.133582s ]
INFO: Run WriteHtmlCache Behavior [ RunTime:-0.133855s ]
INFO: Run ShowRuntime Behavior [ RunTime:-0.133972s ]
INFO: [ view_filter ] --END-- [ RunTime:0.000954s ]
INFO: [ view_end ] --START--
INFO: Run ShowPageTrace Behavior [ RunTime:-0.134315s ]
INFO: [ view_end ] --END-- [ RunTime:0.000360s ]

[ 2015-06-14T21:46:33+08:00 ] 111.204.56.165 /
SQL: SHOW COLUMNS FROM `tp_agent` [ RunTime:0.005366s ]
SQL: SELECT * FROM `tp_agent` WHERE ( `siteurl` = 'http://119.29.116.37' ) LIMIT 1   [ RunTime:0.003996s ]
INFO: [ app_begin ] --START--
INFO: Run ReadHtmlCache Behavior [ RunTime:0.000298s ]
INFO: [ app_begin ] --END-- [ RunTime:0.000335s ]
NOTIC: [8] Undefined index: HTTP_USER_AGENT /var/www/html/PigCms/Lib/Action/BaseAction.class.php 第 21 行.
SQL: SHOW COLUMNS FROM `tp_agent` [ RunTime:0.005457s ]
SQL: SELECT * FROM `tp_agent` WHERE ( `siteurl` = 'http://119.29.116.37' ) LIMIT 1   [ RunTime:0.004033s ]
NOTIC: [8] Undefined index: 119.29.116.37nomsite /var/www/html/PigCms/Lib/Action/BaseAction.class.php 第 38 行.
SQL: SHOW COLUMNS FROM `tp_mobilesite` [ RunTime:0.004291s ]
NOTIC: [8] Undefined index: 119.29.116.37 /var/www/html/PigCms/Lib/Action/BaseAction.class.php 第 366 行.
SQL: SELECT * FROM `tp_mobilesite` WHERE ( `owndomain` = '119.29.116.37' ) LIMIT 1   [ RunTime:0.003878s ]
SQL: SELECT * FROM `tp_agent` WHERE ( `siteurl` = 'http://119.29.116.37' ) LIMIT 1   [ RunTime:0.004009s ]
NOTIC: [8] Constant STATICS already defined /var/www/html/PigCms/Lib/Action/BaseAction.class.php 第 119 行.
SQL: SHOW COLUMNS FROM `tp_images` [ RunTime:0.004471s ]
SQL: SELECT * FROM `tp_images` LIMIT 1   [ RunTime:0.003866s ]
NOTIC: [8] Undefined index: showNotice /var/www/html/PigCms/Lib/Action/Home/IndexAction.class.php 第 56 行.
SQL: SHOW COLUMNS FROM `tp_links` [ RunTime:0.004386s ]
SQL: SELECT * FROM `tp_links` WHERE ( `status` = 1 ) AND ( `agentid` = 0 )  [ RunTime:0.004093s ]
SQL: SHOW COLUMNS FROM `tp_renew` [ RunTime:0.004369s ]
SQL: SHOW COLUMNS FROM `tp_banners` [ RunTime:0.004115s ]
SQL: SHOW COLUMNS FROM `tp_case` [ RunTime:0.005819s ]
SQL: SELECT * FROM `tp_renew` WHERE ( `agentid` = 0 ) ORDER BY id DESC LIMIT 5   [ RunTime:0.003905s ]
SQL: SELECT * FROM `tp_banners` WHERE ( `status` = 1 ) AND ( `agentid` = 0 ) ORDER BY id DESC  [ RunTime:0.003917s ]
SQL: SELECT * FROM `tp_case` WHERE ( `status` = 1 ) AND ( `agentid` = 0 ) ORDER BY id DESC LIMIT 10   [ RunTime:0.003898s ]
SQL: SHOW COLUMNS FROM `tp_news` [ RunTime:0.004965s ]
SQL: SELECT * FROM `tp_news` WHERE ( `agentid` = 0 ) LIMIT 1   [ RunTime:0.003969s ]
SQL: SHOW COLUMNS FROM `tp_img` [ RunTime:0.004947s ]
SQL: SELECT * FROM `tp_img` WHERE ( `classid` = null ) ORDER BY id DESC LIMIT 5   [ RunTime:0.003980s ]
SQL: SELECT * FROM `tp_img` WHERE ( `classid` = null ) ORDER BY id DESC LIMIT 5   [ RunTime:0.003954s ]
SQL: SELECT * FROM `tp_img` WHERE ( `classid` = null ) ORDER BY id DESC LIMIT 5   [ RunTime:0.004786s ]
INFO: [ view_template ] --START--
INFO: Run LocationTemplate Behavior [ RunTime:-0.097282s ]
INFO: [ view_template ] --END-- [ RunTime:0.000209s ]
INFO: [ view_parse ] --START--
NOTIC: [8] Use of undefined constant uid - assumed 'uid' /var/www/html/Conf/logs/Cache/Home/e8edd32bcbb2d7ab2f0f8d14c550c52b.php 第 94 行.
NOTIC: [8] Undefined index: uid /var/www/html/Conf/logs/Cache/Home/e8edd32bcbb2d7ab2f0f8d14c550c52b.php 第 94 行.
INFO: Run ParseTemplate Behavior [ RunTime:-0.097514s ]
INFO: [ view_parse ] --END-- [ RunTime:0.021307s ]
INFO: [ view_filter ] --START--
INFO: Run ContentReplace Behavior [ RunTime:-0.118869s ]
INFO: Run TokenBuild Behavior [ RunTime:-0.119083s ]
INFO: Run WriteHtmlCache Behavior [ RunTime:-0.119330s ]
INFO: Run ShowRuntime Behavior [ RunTime:-0.119441s ]
INFO: [ view_filter ] --END-- [ RunTime:0.000823s ]
INFO: [ view_end ] --START--
INFO: Run ShowPageTrace Behavior [ RunTime:-0.119721s ]
INFO: [ view_end ] --END-- [ RunTime:0.000322s ]

