[ 2015-09-07T23:25:34+08:00 ] 101.227.131.143 /index.php
SQL: SHOW COLUMNS FROM `tp_agent` [ RunTime:0.005184s ]
SQL: SELECT * FROM `tp_agent` WHERE ( `siteurl` = 'http://119.29.116.37' ) LIMIT 1   [ RunTime:0.004078s ]
INFO: [ app_begin ] --START--
INFO: Run ReadHtmlCache Behavior [ RunTime:0.000276s ]
INFO: [ app_begin ] --END-- [ RunTime:0.000310s ]
SQL: SHOW COLUMNS FROM `tp_agent` [ RunTime:0.004992s ]
SQL: SELECT * FROM `tp_agent` WHERE ( `siteurl` = 'http://119.29.116.37' ) LIMIT 1   [ RunTime:0.004057s ]
NOTIC: [8] Undefined index: 119.29.116.37nomsite /var/www/html/PigCms/Lib/Action/BaseAction.class.php 第 39 行.
SQL: SHOW COLUMNS FROM `tp_mobilesite` [ RunTime:0.004532s ]
NOTIC: [8] Undefined index: 119.29.116.37 /var/www/html/PigCms/Lib/Action/BaseAction.class.php 第 376 行.
SQL: SELECT * FROM `tp_mobilesite` WHERE ( `owndomain` = '119.29.116.37' ) LIMIT 1   [ RunTime:0.004206s ]
SQL: SELECT * FROM `tp_agent` WHERE ( `siteurl` = 'http://119.29.116.37' ) LIMIT 1   [ RunTime:0.004047s ]
NOTIC: [8] Constant STATICS already defined /var/www/html/PigCms/Lib/Action/BaseAction.class.php 第 128 行.
SQL: SHOW COLUMNS FROM `tp_customs` [ RunTime:0.004815s ]
SQL: SHOW COLUMNS FROM `tp_images` [ RunTime:0.004492s ]
SQL: SELECT * FROM `tp_images` WHERE ( `agentid` = 0 ) LIMIT 1   [ RunTime:0.003979s ]
SQL: SELECT * FROM `tp_customs` WHERE ( `agentid` = 0 ) AND ( `type` = 1 ) LIMIT 1   [ RunTime:0.004354s ]
SQL: SELECT * FROM `tp_customs` WHERE ( `agentid` = 0 ) AND ( `type` = 2 ) LIMIT 1   [ RunTime:0.004040s ]
SQL: SELECT * FROM `tp_customs` WHERE ( `agentid` = 0 ) AND ( `type` = 3 ) LIMIT 1   [ RunTime:0.004168s ]
SQL: SELECT * FROM `tp_customs` WHERE ( `agentid` = 0 ) AND ( `type` = 4 ) LIMIT 1   [ RunTime:0.004227s ]
SQL: SELECT * FROM `tp_customs` WHERE ( `agentid` = 0 ) AND ( `type` = 5 ) LIMIT 1   [ RunTime:0.004516s ]
SQL: SELECT * FROM `tp_customs` WHERE ( `agentid` = 0 ) AND ( `type` = 6 ) LIMIT 1   [ RunTime:0.004090s ]
NOTIC: [8] Undefined index: showNotice /var/www/html/PigCms/Lib/Action/Home/IndexAction.class.php 第 84 行.
SQL: SHOW COLUMNS FROM `tp_links` [ RunTime:0.004896s ]
SQL: SELECT * FROM `tp_links` WHERE ( `status` = 1 ) AND ( `agentid` = 0 )  [ RunTime:0.004314s ]
SQL: SHOW COLUMNS FROM `tp_renew` [ RunTime:0.004939s ]
SQL: SHOW COLUMNS FROM `tp_banners` [ RunTime:0.004248s ]
SQL: SHOW COLUMNS FROM `tp_case` [ RunTime:0.004435s ]
SQL: SELECT * FROM `tp_renew` WHERE ( `agentid` = 0 ) AND ( `status` = 1 ) ORDER BY id DESC LIMIT 5   [ RunTime:0.003964s ]
SQL: SELECT * FROM `tp_banners` WHERE ( `status` = 1 ) AND ( `agentid` = 0 ) ORDER BY id DESC  [ RunTime:0.003939s ]
SQL: SELECT * FROM `tp_case` WHERE ( `status` = 1 ) AND ( `agentid` = 0 ) ORDER BY id DESC LIMIT 10   [ RunTime:0.003973s ]
SQL: SHOW COLUMNS FROM `tp_news` [ RunTime:0.004621s ]
SQL: SELECT * FROM `tp_news` WHERE ( `agentid` = 0 ) LIMIT 1   [ RunTime:0.003983s ]
SQL: SHOW COLUMNS FROM `tp_img` [ RunTime:0.004800s ]
SQL: SELECT * FROM `tp_img` WHERE ( `classid` = null ) ORDER BY id DESC LIMIT 5   [ RunTime:0.004055s ]
SQL: SELECT * FROM `tp_img` WHERE ( `classid` = null ) ORDER BY id DESC LIMIT 5   [ RunTime:0.004039s ]
SQL: SELECT * FROM `tp_img` WHERE ( `classid` = null ) ORDER BY id DESC LIMIT 5   [ RunTime:0.004031s ]
INFO: [ view_template ] --START--
INFO: Run LocationTemplate Behavior [ RunTime:-0.128414s ]
INFO: [ view_template ] --END-- [ RunTime:0.000228s ]
INFO: [ view_parse ] --START--
NOTIC: [8] Use of undefined constant uid - assumed 'uid' /var/www/html/Conf/logs/Cache/Home/e8edd32bcbb2d7ab2f0f8d14c550c52b.php 第 94 行.
NOTIC: [8] Undefined index: uid /var/www/html/Conf/logs/Cache/Home/e8edd32bcbb2d7ab2f0f8d14c550c52b.php 第 94 行.
NOTIC: [8] Undefined index: role_name /var/www/html/Conf/logs/Cache/Home/e8edd32bcbb2d7ab2f0f8d14c550c52b.php 第 116 行.
INFO: Run ParseTemplate Behavior [ RunTime:-0.128671s ]
INFO: [ view_parse ] --END-- [ RunTime:0.024435s ]
INFO: [ view_filter ] --START--
INFO: Run ContentReplace Behavior [ RunTime:-0.153138s ]
INFO: Run TokenBuild Behavior [ RunTime:-0.153367s ]
INFO: Run WriteHtmlCache Behavior [ RunTime:-0.153635s ]
INFO: Run ShowRuntime Behavior [ RunTime:-0.153748s ]
INFO: [ view_filter ] --END-- [ RunTime:0.000842s ]
SQL: SHOW COLUMNS FROM `tp_susceptible` [ RunTime:0.004360s ]
SQL: SELECT * FROM `tp_susceptible` LIMIT 1   [ RunTime:0.003925s ]
SQL: SELECT `word` FROM `tp_susceptible` WHERE ( `state` = 1 )  [ RunTime:0.004256s ]
NOTIC: [2] unlink(./Conf/logs/Temp/1/8/186dd3d5ebf1355d14ddd11b5430c127.php): No such file or directory /var/www/html/Lib/Driver/Cache/CacheFile.class.php 第 176 行.
NOTIC: [8] Undefined variable: word_array /var/www/html/PigCms/Lib/ORG/Susceptible.class.php 第 45 行.
NOTIC: [8] Undefined variable: xing_array /var/www/html/PigCms/Lib/ORG/Susceptible.class.php 第 45 行.
INFO: [ view_end ] --START--
INFO: Run ShowPageTrace Behavior [ RunTime:-0.171248s ]
INFO: [ view_end ] --END-- [ RunTime:0.000341s ]
INFO: [ app_end ] --START--
INFO: Run AccessCount Behavior [ RunTime:-0.171631s ]
INFO: [ app_end ] --END-- [ RunTime:0.000167s ]

[ 2015-09-07T23:25:35+08:00 ] 101.227.131.143 /index.php
SQL: SHOW COLUMNS FROM `tp_agent` [ RunTime:0.004980s ]
SQL: SELECT * FROM `tp_agent` WHERE ( `siteurl` = 'http://119.29.116.37' ) LIMIT 1   [ RunTime:0.003832s ]
INFO: [ app_begin ] --START--
INFO: Run ReadHtmlCache Behavior [ RunTime:0.000316s ]
INFO: [ app_begin ] --END-- [ RunTime:0.000353s ]
SQL: SHOW COLUMNS FROM `tp_agent` [ RunTime:0.005544s ]
SQL: SELECT * FROM `tp_agent` WHERE ( `siteurl` = 'http://119.29.116.37' ) LIMIT 1   [ RunTime:0.003904s ]
NOTIC: [8] Undefined index: 119.29.116.37nomsite /var/www/html/PigCms/Lib/Action/BaseAction.class.php 第 39 行.
SQL: SHOW COLUMNS FROM `tp_mobilesite` [ RunTime:0.004281s ]
NOTIC: [8] Undefined index: 119.29.116.37 /var/www/html/PigCms/Lib/Action/BaseAction.class.php 第 376 行.
SQL: SELECT * FROM `tp_mobilesite` WHERE ( `owndomain` = '119.29.116.37' ) LIMIT 1   [ RunTime:0.003733s ]
SQL: SELECT * FROM `tp_agent` WHERE ( `siteurl` = 'http://119.29.116.37' ) LIMIT 1   [ RunTime:0.003821s ]
NOTIC: [8] Constant STATICS already defined /var/www/html/PigCms/Lib/Action/BaseAction.class.php 第 128 行.
SQL: SHOW COLUMNS FROM `tp_customs` [ RunTime:0.005752s ]
SQL: SHOW COLUMNS FROM `tp_images` [ RunTime:0.004221s ]
SQL: SELECT * FROM `tp_images` WHERE ( `agentid` = 0 ) LIMIT 1   [ RunTime:0.004039s ]
SQL: SELECT * FROM `tp_customs` WHERE ( `agentid` = 0 ) AND ( `type` = 1 ) LIMIT 1   [ RunTime:0.003883s ]
SQL: SELECT * FROM `tp_customs` WHERE ( `agentid` = 0 ) AND ( `type` = 2 ) LIMIT 1   [ RunTime:0.003802s ]
SQL: SELECT * FROM `tp_customs` WHERE ( `agentid` = 0 ) AND ( `type` = 3 ) LIMIT 1   [ RunTime:0.003793s ]
SQL: SELECT * FROM `tp_customs` WHERE ( `agentid` = 0 ) AND ( `type` = 4 ) LIMIT 1   [ RunTime:0.003886s ]
SQL: SELECT * FROM `tp_customs` WHERE ( `agentid` = 0 ) AND ( `type` = 5 ) LIMIT 1   [ RunTime:0.003960s ]
SQL: SELECT * FROM `tp_customs` WHERE ( `agentid` = 0 ) AND ( `type` = 6 ) LIMIT 1   [ RunTime:0.003860s ]
NOTIC: [8] Undefined index: showNotice /var/www/html/PigCms/Lib/Action/Home/IndexAction.class.php 第 84 行.
SQL: SHOW COLUMNS FROM `tp_links` [ RunTime:0.004035s ]
SQL: SELECT * FROM `tp_links` WHERE ( `status` = 1 ) AND ( `agentid` = 0 )  [ RunTime:0.003717s ]
SQL: SHOW COLUMNS FROM `tp_renew` [ RunTime:0.004096s ]
SQL: SHOW COLUMNS FROM `tp_banners` [ RunTime:0.004771s ]
SQL: SHOW COLUMNS FROM `tp_case` [ RunTime:0.006071s ]
SQL: SELECT * FROM `tp_renew` WHERE ( `agentid` = 0 ) AND ( `status` = 1 ) ORDER BY id DESC LIMIT 5   [ RunTime:0.003794s ]
SQL: SELECT * FROM `tp_banners` WHERE ( `status` = 1 ) AND ( `agentid` = 0 ) ORDER BY id DESC  [ RunTime:0.004935s ]
SQL: SELECT * FROM `tp_case` WHERE ( `status` = 1 ) AND ( `agentid` = 0 ) ORDER BY id DESC LIMIT 10   [ RunTime:0.004639s ]
SQL: SHOW COLUMNS FROM `tp_news` [ RunTime:0.005395s ]
SQL: SELECT * FROM `tp_news` WHERE ( `agentid` = 0 ) LIMIT 1   [ RunTime:0.005283s ]
SQL: SHOW COLUMNS FROM `tp_img` [ RunTime:0.005946s ]
SQL: SELECT * FROM `tp_img` WHERE ( `classid` = null ) ORDER BY id DESC LIMIT 5   [ RunTime:0.005772s ]
SQL: SELECT * FROM `tp_img` WHERE ( `classid` = null ) ORDER BY id DESC LIMIT 5   [ RunTime:0.005122s ]
SQL: SELECT * FROM `tp_img` WHERE ( `classid` = null ) ORDER BY id DESC LIMIT 5   [ RunTime:0.004412s ]
INFO: [ view_template ] --START--
INFO: Run LocationTemplate Behavior [ RunTime:-0.134107s ]
INFO: [ view_template ] --END-- [ RunTime:0.000215s ]
INFO: [ view_parse ] --START--
NOTIC: [8] Use of undefined constant uid - assumed 'uid' /var/www/html/Conf/logs/Cache/Home/e8edd32bcbb2d7ab2f0f8d14c550c52b.php 第 94 行.
NOTIC: [8] Undefined index: uid /var/www/html/Conf/logs/Cache/Home/e8edd32bcbb2d7ab2f0f8d14c550c52b.php 第 94 行.
NOTIC: [8] Undefined index: role_name /var/www/html/Conf/logs/Cache/Home/e8edd32bcbb2d7ab2f0f8d14c550c52b.php 第 116 行.
INFO: Run ParseTemplate Behavior [ RunTime:-0.134351s ]
INFO: [ view_parse ] --END-- [ RunTime:0.024974s ]
INFO: [ view_filter ] --START--
INFO: Run ContentReplace Behavior [ RunTime:-0.159359s ]
INFO: Run TokenBuild Behavior [ RunTime:-0.159586s ]
INFO: Run WriteHtmlCache Behavior [ RunTime:-0.159826s ]
INFO: Run ShowRuntime Behavior [ RunTime:-0.159956s ]
INFO: [ view_filter ] --END-- [ RunTime:0.000865s ]
SQL: SHOW COLUMNS FROM `tp_susceptible` [ RunTime:0.004065s ]
SQL: SELECT * FROM `tp_susceptible` LIMIT 1   [ RunTime:0.003738s ]
SQL: SELECT `word` FROM `tp_susceptible` WHERE ( `state` = 1 )  [ RunTime:0.004051s ]
NOTIC: [2] unlink(./Conf/logs/Temp/1/8/186dd3d5ebf1355d14ddd11b5430c127.php): No such file or directory /var/www/html/Lib/Driver/Cache/CacheFile.class.php 第 176 行.
NOTIC: [8] Undefined variable: word_array /var/www/html/PigCms/Lib/ORG/Susceptible.class.php 第 45 行.
NOTIC: [8] Undefined variable: xing_array /var/www/html/PigCms/Lib/ORG/Susceptible.class.php 第 45 行.
INFO: [ view_end ] --START--
INFO: Run ShowPageTrace Behavior [ RunTime:-0.176590s ]
INFO: [ view_end ] --END-- [ RunTime:0.000342s ]
INFO: [ app_end ] --START--
INFO: Run AccessCount Behavior [ RunTime:-0.176971s ]
INFO: [ app_end ] --END-- [ RunTime:0.000174s ]

