[ 2015-07-03T20:03:04+08:00 ] 183.60.62.44 /index.php?g=Home&m=Index&a=login
SQL: SHOW COLUMNS FROM `tp_agent` [ RunTime:0.005202s ]
SQL: SELECT * FROM `tp_agent` WHERE ( `siteurl` = 'http://weixin.blbook.cn' ) LIMIT 1   [ RunTime:0.004032s ]
INFO: [ app_begin ] --START--
INFO: Run ReadHtmlCache Behavior [ RunTime:0.000348s ]
INFO: [ app_begin ] --END-- [ RunTime:0.000386s ]
NOTIC: [8] Undefined index: weixin.blbook.cnnomsite /var/www/html/PigCms/Lib/Action/BaseAction.class.php 第 38 行.
SQL: SHOW COLUMNS FROM `tp_mobilesite` [ RunTime:0.004412s ]
NOTIC: [8] Undefined index: weixin.blbook.cn /var/www/html/PigCms/Lib/Action/BaseAction.class.php 第 366 行.
SQL: SELECT * FROM `tp_mobilesite` WHERE ( `owndomain` = 'weixin.blbook.cn' ) LIMIT 1   [ RunTime:0.003783s ]
SQL: SELECT * FROM `tp_agent` WHERE ( `siteurl` = 'http://weixin.blbook.cn' ) LIMIT 1   [ RunTime:0.004154s ]
NOTIC: [8] Constant STATICS already defined /var/www/html/PigCms/Lib/Action/BaseAction.class.php 第 119 行.
SQL: SHOW COLUMNS FROM `tp_images` [ RunTime:0.004471s ]
SQL: SELECT * FROM `tp_images` LIMIT 1   [ RunTime:0.003769s ]
INFO: [ view_template ] --START--
INFO: Run LocationTemplate Behavior [ RunTime:-0.024025s ]
INFO: [ view_template ] --END-- [ RunTime:0.000212s ]
INFO: [ view_parse ] --START--
NOTIC: [8] Use of undefined constant uid - assumed 'uid' /var/www/html/Conf/logs/Cache/Home/868abcbecb3d62899a3f2504092f7429.php 第 36 行.
NOTIC: [8] Undefined index: uid /var/www/html/Conf/logs/Cache/Home/868abcbecb3d62899a3f2504092f7429.php 第 36 行.
NOTIC: [8] Undefined index: invitecode /var/www/html/Conf/logs/Cache/Home/868abcbecb3d62899a3f2504092f7429.php 第 186 行.
INFO: Run ParseTemplate Behavior [ RunTime:-0.024266s ]
INFO: [ view_parse ] --END-- [ RunTime:0.013257s ]
INFO: [ view_filter ] --START--
INFO: Run ContentReplace Behavior [ RunTime:-0.037553s ]
INFO: Run TokenBuild Behavior [ RunTime:-0.037741s ]
INFO: Run WriteHtmlCache Behavior [ RunTime:-0.037986s ]
INFO: Run ShowRuntime Behavior [ RunTime:-0.038098s ]
INFO: [ view_filter ] --END-- [ RunTime:0.000781s ]
INFO: [ view_end ] --START--
INFO: Run ShowPageTrace Behavior [ RunTime:-0.038379s ]
INFO: [ view_end ] --END-- [ RunTime:0.000327s ]

[ 2015-07-03T20:05:47+08:00 ] 14.17.18.152 /index.php?g=Home&m=Index&a=login
SQL: SHOW COLUMNS FROM `tp_agent` [ RunTime:0.004628s ]
SQL: SELECT * FROM `tp_agent` WHERE ( `siteurl` = 'http://weixin.blbook.cn' ) LIMIT 1   [ RunTime:0.003450s ]
INFO: [ app_begin ] --START--
INFO: Run ReadHtmlCache Behavior [ RunTime:0.000439s ]
INFO: [ app_begin ] --END-- [ RunTime:0.000480s ]
NOTIC: [8] Undefined index: weixin.blbook.cnnomsite /var/www/html/PigCms/Lib/Action/BaseAction.class.php 第 38 行.
SQL: SHOW COLUMNS FROM `tp_mobilesite` [ RunTime:0.003766s ]
NOTIC: [8] Undefined index: weixin.blbook.cn /var/www/html/PigCms/Lib/Action/BaseAction.class.php 第 366 行.
SQL: SELECT * FROM `tp_mobilesite` WHERE ( `owndomain` = 'weixin.blbook.cn' ) LIMIT 1   [ RunTime:0.003421s ]
SQL: SELECT * FROM `tp_agent` WHERE ( `siteurl` = 'http://weixin.blbook.cn' ) LIMIT 1   [ RunTime:0.003460s ]
NOTIC: [8] Constant STATICS already defined /var/www/html/PigCms/Lib/Action/BaseAction.class.php 第 119 行.
SQL: SHOW COLUMNS FROM `tp_images` [ RunTime:0.003861s ]
SQL: SELECT * FROM `tp_images` LIMIT 1   [ RunTime:0.003312s ]
INFO: [ view_template ] --START--
INFO: Run LocationTemplate Behavior [ RunTime:-0.021667s ]
INFO: [ view_template ] --END-- [ RunTime:0.000252s ]
INFO: [ view_parse ] --START--
NOTIC: [8] Use of undefined constant uid - assumed 'uid' /var/www/html/Conf/logs/Cache/Home/868abcbecb3d62899a3f2504092f7429.php 第 36 行.
NOTIC: [8] Undefined index: uid /var/www/html/Conf/logs/Cache/Home/868abcbecb3d62899a3f2504092f7429.php 第 36 行.
NOTIC: [8] Undefined index: invitecode /var/www/html/Conf/logs/Cache/Home/868abcbecb3d62899a3f2504092f7429.php 第 186 行.
INFO: Run ParseTemplate Behavior [ RunTime:-0.021956s ]
INFO: [ view_parse ] --END-- [ RunTime:0.012662s ]
INFO: [ view_filter ] --START--
INFO: Run ContentReplace Behavior [ RunTime:-0.034655s ]
INFO: Run TokenBuild Behavior [ RunTime:-0.034872s ]
INFO: Run WriteHtmlCache Behavior [ RunTime:-0.035107s ]
INFO: Run ShowRuntime Behavior [ RunTime:-0.035220s ]
INFO: [ view_filter ] --END-- [ RunTime:0.000807s ]
INFO: [ view_end ] --START--
INFO: Run ShowPageTrace Behavior [ RunTime:-0.035529s ]
INFO: [ view_end ] --END-- [ RunTime:0.000342s ]

[ 2015-07-03T20:13:09+08:00 ] 113.108.21.69 /index.php?g%3DUser%26m%3DWechat_behavior%26a%3DstatisticsOfSingleFans%26openid%3DonHRmuFwfs_FcUG1uLjDKzkPti-4
SQL: SHOW COLUMNS FROM `tp_agent` [ RunTime:0.005064s ]
SQL: SELECT * FROM `tp_agent` WHERE ( `siteurl` = 'http://weixin.blbook.cn' ) LIMIT 1   [ RunTime:0.003986s ]
INFO: [ app_begin ] --START--
INFO: Run ReadHtmlCache Behavior [ RunTime:0.000281s ]
INFO: [ app_begin ] --END-- [ RunTime:0.000319s ]
SQL: SHOW COLUMNS FROM `tp_agent` [ RunTime:0.005213s ]
SQL: SELECT * FROM `tp_agent` WHERE ( `siteurl` = 'http://weixin.blbook.cn' ) LIMIT 1   [ RunTime:0.003991s ]
NOTIC: [8] Undefined index: weixin.blbook.cnnomsite /var/www/html/PigCms/Lib/Action/BaseAction.class.php 第 38 行.
SQL: SHOW COLUMNS FROM `tp_mobilesite` [ RunTime:0.004517s ]
NOTIC: [8] Undefined index: weixin.blbook.cn /var/www/html/PigCms/Lib/Action/BaseAction.class.php 第 366 行.
SQL: SELECT * FROM `tp_mobilesite` WHERE ( `owndomain` = 'weixin.blbook.cn' ) LIMIT 1   [ RunTime:0.003894s ]
SQL: SELECT * FROM `tp_agent` WHERE ( `siteurl` = 'http://weixin.blbook.cn' ) LIMIT 1   [ RunTime:0.003981s ]
NOTIC: [8] Constant STATICS already defined /var/www/html/PigCms/Lib/Action/BaseAction.class.php 第 119 行.
SQL: SHOW COLUMNS FROM `tp_images` [ RunTime:0.004565s ]
SQL: SELECT * FROM `tp_images` LIMIT 1   [ RunTime:0.003940s ]
NOTIC: [8] Undefined index: showNotice /var/www/html/PigCms/Lib/Action/Home/IndexAction.class.php 第 56 行.
SQL: SHOW COLUMNS FROM `tp_links` [ RunTime:0.004286s ]
SQL: SELECT * FROM `tp_links` WHERE ( `status` = 1 ) AND ( `agentid` = 0 )  [ RunTime:0.003876s ]
SQL: SHOW COLUMNS FROM `tp_renew` [ RunTime:0.004275s ]
SQL: SHOW COLUMNS FROM `tp_banners` [ RunTime:0.004547s ]
SQL: SHOW COLUMNS FROM `tp_case` [ RunTime:0.004636s ]
SQL: SELECT * FROM `tp_renew` WHERE ( `agentid` = 0 ) ORDER BY id DESC LIMIT 5   [ RunTime:0.005622s ]
SQL: SELECT * FROM `tp_banners` WHERE ( `status` = 1 ) AND ( `agentid` = 0 ) ORDER BY id DESC  [ RunTime:0.003952s ]
SQL: SELECT * FROM `tp_case` WHERE ( `status` = 1 ) AND ( `agentid` = 0 ) ORDER BY id DESC LIMIT 10   [ RunTime:0.003996s ]
SQL: SHOW COLUMNS FROM `tp_news` [ RunTime:0.004755s ]
SQL: SELECT * FROM `tp_news` WHERE ( `agentid` = 0 ) LIMIT 1   [ RunTime:0.003904s ]
SQL: SHOW COLUMNS FROM `tp_img` [ RunTime:0.004877s ]
SQL: SELECT * FROM `tp_img` WHERE ( `classid` = null ) ORDER BY id DESC LIMIT 5   [ RunTime:0.003943s ]
SQL: SELECT * FROM `tp_img` WHERE ( `classid` = null ) ORDER BY id DESC LIMIT 5   [ RunTime:0.003982s ]
SQL: SELECT * FROM `tp_img` WHERE ( `classid` = null ) ORDER BY id DESC LIMIT 5   [ RunTime:0.003932s ]
INFO: [ view_template ] --START--
INFO: Run LocationTemplate Behavior [ RunTime:-0.096661s ]
INFO: [ view_template ] --END-- [ RunTime:0.000205s ]
INFO: [ view_parse ] --START--
NOTIC: [8] Use of undefined constant uid - assumed 'uid' /var/www/html/Conf/logs/Cache/Home/e8edd32bcbb2d7ab2f0f8d14c550c52b.php 第 94 行.
NOTIC: [8] Undefined index: uid /var/www/html/Conf/logs/Cache/Home/e8edd32bcbb2d7ab2f0f8d14c550c52b.php 第 94 行.
INFO: Run ParseTemplate Behavior [ RunTime:-0.096897s ]
INFO: [ view_parse ] --END-- [ RunTime:0.031775s ]
INFO: [ view_filter ] --START--
INFO: Run ContentReplace Behavior [ RunTime:-0.128716s ]
INFO: Run TokenBuild Behavior [ RunTime:-0.128947s ]
INFO: Run WriteHtmlCache Behavior [ RunTime:-0.129209s ]
INFO: Run ShowRuntime Behavior [ RunTime:-0.129355s ]
INFO: [ view_filter ] --END-- [ RunTime:0.000891s ]
INFO: [ view_end ] --START--
INFO: Run ShowPageTrace Behavior [ RunTime:-0.129658s ]
INFO: [ view_end ] --END-- [ RunTime:0.000309s ]

[ 2015-07-03T20:13:09+08:00 ] 14.17.34.189 /index.php?g=Home&m=Index&a=login
SQL: SHOW COLUMNS FROM `tp_agent` [ RunTime:0.005985s ]
SQL: SELECT * FROM `tp_agent` WHERE ( `siteurl` = 'http://weixin.blbook.cn' ) LIMIT 1   [ RunTime:0.005126s ]
INFO: [ app_begin ] --START--
INFO: Run ReadHtmlCache Behavior [ RunTime:0.000320s ]
INFO: [ app_begin ] --END-- [ RunTime:0.000372s ]
NOTIC: [8] Undefined index: weixin.blbook.cnnomsite /var/www/html/PigCms/Lib/Action/BaseAction.class.php 第 38 行.
SQL: SHOW COLUMNS FROM `tp_mobilesite` [ RunTime:0.005061s ]
NOTIC: [8] Undefined index: weixin.blbook.cn /var/www/html/PigCms/Lib/Action/BaseAction.class.php 第 366 行.
SQL: SELECT * FROM `tp_mobilesite` WHERE ( `owndomain` = 'weixin.blbook.cn' ) LIMIT 1   [ RunTime:0.004565s ]
SQL: SELECT * FROM `tp_agent` WHERE ( `siteurl` = 'http://weixin.blbook.cn' ) LIMIT 1   [ RunTime:0.004925s ]
NOTIC: [8] Constant STATICS already defined /var/www/html/PigCms/Lib/Action/BaseAction.class.php 第 119 行.
SQL: SHOW COLUMNS FROM `tp_images` [ RunTime:0.005270s ]
SQL: SELECT * FROM `tp_images` LIMIT 1   [ RunTime:0.004474s ]
INFO: [ view_template ] --START--
INFO: Run LocationTemplate Behavior [ RunTime:-0.027605s ]
INFO: [ view_template ] --END-- [ RunTime:0.000223s ]
INFO: [ view_parse ] --START--
NOTIC: [8] Use of undefined constant uid - assumed 'uid' /var/www/html/Conf/logs/Cache/Home/868abcbecb3d62899a3f2504092f7429.php 第 36 行.
NOTIC: [8] Undefined index: uid /var/www/html/Conf/logs/Cache/Home/868abcbecb3d62899a3f2504092f7429.php 第 36 行.
NOTIC: [8] Undefined index: invitecode /var/www/html/Conf/logs/Cache/Home/868abcbecb3d62899a3f2504092f7429.php 第 186 行.
INFO: Run ParseTemplate Behavior [ RunTime:-0.027856s ]
INFO: [ view_parse ] --END-- [ RunTime:0.012241s ]
INFO: [ view_filter ] --START--
INFO: Run ContentReplace Behavior [ RunTime:-0.040128s ]
INFO: Run TokenBuild Behavior [ RunTime:-0.040316s ]
INFO: Run WriteHtmlCache Behavior [ RunTime:-0.040540s ]
INFO: Run ShowRuntime Behavior [ RunTime:-0.040649s ]
INFO: [ view_filter ] --END-- [ RunTime:0.000768s ]
INFO: [ view_end ] --START--
INFO: Run ShowPageTrace Behavior [ RunTime:-0.040940s ]
INFO: [ view_end ] --END-- [ RunTime:0.000337s ]

[ 2015-07-03T20:16:39+08:00 ] 101.226.66.187 /index.php?g%3DUser%26m%3DWechat_group%26a%3DshowExternalPic%26url%3Dhttp://wx.qlogo.cn/mmopen/Q3auHgzwzM4rMvwUkl9wBGWW8776M3RtqCcxDq20gmEnXLaDqFl5SHhqOmChs73qDpDlooTicPo1bIWO7dOxLJrYCCZLrq022nN1jhhCqlE0/0%26token%3Dtwllsi1431226863%26wecha_id%3DonHRmuOeLXdQtMNRcu3GSPwikhvQ
SQL: SHOW COLUMNS FROM `tp_agent` [ RunTime:0.004514s ]
SQL: SELECT * FROM `tp_agent` WHERE ( `siteurl` = 'http://weixin.blbook.cn' ) LIMIT 1   [ RunTime:0.003452s ]
INFO: [ app_begin ] --START--
INFO: Run ReadHtmlCache Behavior [ RunTime:0.000281s ]
INFO: [ app_begin ] --END-- [ RunTime:0.000338s ]
SQL: SHOW COLUMNS FROM `tp_agent` [ RunTime:0.004814s ]
SQL: SELECT * FROM `tp_agent` WHERE ( `siteurl` = 'http://weixin.blbook.cn' ) LIMIT 1   [ RunTime:0.003420s ]
NOTIC: [8] Undefined index: weixin.blbook.cnnomsite /var/www/html/PigCms/Lib/Action/BaseAction.class.php 第 38 行.
SQL: SHOW COLUMNS FROM `tp_mobilesite` [ RunTime:0.003822s ]
NOTIC: [8] Undefined index: weixin.blbook.cn /var/www/html/PigCms/Lib/Action/BaseAction.class.php 第 366 行.
SQL: SELECT * FROM `tp_mobilesite` WHERE ( `owndomain` = 'weixin.blbook.cn' ) LIMIT 1   [ RunTime:0.003280s ]
SQL: SELECT * FROM `tp_agent` WHERE ( `siteurl` = 'http://weixin.blbook.cn' ) LIMIT 1   [ RunTime:0.003478s ]
NOTIC: [8] Constant STATICS already defined /var/www/html/PigCms/Lib/Action/BaseAction.class.php 第 119 行.
SQL: SHOW COLUMNS FROM `tp_images` [ RunTime:0.003906s ]
SQL: SELECT * FROM `tp_images` LIMIT 1   [ RunTime:0.003291s ]
NOTIC: [8] Undefined index: showNotice /var/www/html/PigCms/Lib/Action/Home/IndexAction.class.php 第 56 行.
SQL: SHOW COLUMNS FROM `tp_links` [ RunTime:0.004054s ]
SQL: SELECT * FROM `tp_links` WHERE ( `status` = 1 ) AND ( `agentid` = 0 )  [ RunTime:0.003377s ]
SQL: SHOW COLUMNS FROM `tp_renew` [ RunTime:0.003983s ]
SQL: SHOW COLUMNS FROM `tp_banners` [ RunTime:0.003794s ]
SQL: SHOW COLUMNS FROM `tp_case` [ RunTime:0.003729s ]
SQL: SELECT * FROM `tp_renew` WHERE ( `agentid` = 0 ) ORDER BY id DESC LIMIT 5   [ RunTime:0.003456s ]
SQL: SELECT * FROM `tp_banners` WHERE ( `status` = 1 ) AND ( `agentid` = 0 ) ORDER BY id DESC  [ RunTime:0.003326s ]
SQL: SELECT * FROM `tp_case` WHERE ( `status` = 1 ) AND ( `agentid` = 0 ) ORDER BY id DESC LIMIT 10   [ RunTime:0.003763s ]
SQL: SHOW COLUMNS FROM `tp_news` [ RunTime:0.003943s ]
SQL: SELECT * FROM `tp_news` WHERE ( `agentid` = 0 ) LIMIT 1   [ RunTime:0.003330s ]
SQL: SHOW COLUMNS FROM `tp_img` [ RunTime:0.004338s ]
SQL: SELECT * FROM `tp_img` WHERE ( `classid` = null ) ORDER BY id DESC LIMIT 5   [ RunTime:0.003394s ]
SQL: SELECT * FROM `tp_img` WHERE ( `classid` = null ) ORDER BY id DESC LIMIT 5   [ RunTime:0.003374s ]
SQL: SELECT * FROM `tp_img` WHERE ( `classid` = null ) ORDER BY id DESC LIMIT 5   [ RunTime:0.003356s ]
INFO: [ view_template ] --START--
INFO: Run LocationTemplate Behavior [ RunTime:-0.082896s ]
INFO: [ view_template ] --END-- [ RunTime:0.000213s ]
INFO: [ view_parse ] --START--
NOTIC: [8] Use of undefined constant uid - assumed 'uid' /var/www/html/Conf/logs/Cache/Home/e8edd32bcbb2d7ab2f0f8d14c550c52b.php 第 94 行.
NOTIC: [8] Undefined index: uid /var/www/html/Conf/logs/Cache/Home/e8edd32bcbb2d7ab2f0f8d14c550c52b.php 第 94 行.
INFO: Run ParseTemplate Behavior [ RunTime:-0.083138s ]
INFO: [ view_parse ] --END-- [ RunTime:0.021477s ]
INFO: [ view_filter ] --START--
INFO: Run ContentReplace Behavior [ RunTime:-0.104647s ]
INFO: Run TokenBuild Behavior [ RunTime:-0.104879s ]
INFO: Run WriteHtmlCache Behavior [ RunTime:-0.105130s ]
INFO: Run ShowRuntime Behavior [ RunTime:-0.105240s ]
INFO: [ view_filter ] --END-- [ RunTime:0.000827s ]
INFO: [ view_end ] --START--
INFO: Run ShowPageTrace Behavior [ RunTime:-0.105519s ]
INFO: [ view_end ] --END-- [ RunTime:0.000365s ]

[ 2015-07-03T20:37:08+08:00 ] 119.147.207.158 /index.php
SQL: SHOW COLUMNS FROM `tp_agent` [ RunTime:0.005176s ]
SQL: SELECT * FROM `tp_agent` WHERE ( `siteurl` = 'http://119.29.116.37' ) LIMIT 1   [ RunTime:0.004015s ]
INFO: [ app_begin ] --START--
INFO: Run ReadHtmlCache Behavior [ RunTime:0.000271s ]
INFO: [ app_begin ] --END-- [ RunTime:0.000309s ]
SQL: SHOW COLUMNS FROM `tp_agent` [ RunTime:0.005423s ]
SQL: SELECT * FROM `tp_agent` WHERE ( `siteurl` = 'http://119.29.116.37' ) LIMIT 1   [ RunTime:0.004005s ]
NOTIC: [8] Undefined index: 119.29.116.37nomsite /var/www/html/PigCms/Lib/Action/BaseAction.class.php 第 38 行.
SQL: SHOW COLUMNS FROM `tp_mobilesite` [ RunTime:0.004229s ]
NOTIC: [8] Undefined index: 119.29.116.37 /var/www/html/PigCms/Lib/Action/BaseAction.class.php 第 366 行.
SQL: SELECT * FROM `tp_mobilesite` WHERE ( `owndomain` = '119.29.116.37' ) LIMIT 1   [ RunTime:0.003867s ]
SQL: SELECT * FROM `tp_agent` WHERE ( `siteurl` = 'http://119.29.116.37' ) LIMIT 1   [ RunTime:0.003987s ]
NOTIC: [8] Constant STATICS already defined /var/www/html/PigCms/Lib/Action/BaseAction.class.php 第 119 行.
SQL: SHOW COLUMNS FROM `tp_images` [ RunTime:0.004469s ]
SQL: SELECT * FROM `tp_images` LIMIT 1   [ RunTime:0.003833s ]
NOTIC: [8] Undefined index: showNotice /var/www/html/PigCms/Lib/Action/Home/IndexAction.class.php 第 56 行.
SQL: SHOW COLUMNS FROM `tp_links` [ RunTime:0.004300s ]
SQL: SELECT * FROM `tp_links` WHERE ( `status` = 1 ) AND ( `agentid` = 0 )  [ RunTime:0.003877s ]
SQL: SHOW COLUMNS FROM `tp_renew` [ RunTime:0.004446s ]
SQL: SHOW COLUMNS FROM `tp_banners` [ RunTime:0.004332s ]
SQL: SHOW COLUMNS FROM `tp_case` [ RunTime:0.004589s ]
SQL: SELECT * FROM `tp_renew` WHERE ( `agentid` = 0 ) ORDER BY id DESC LIMIT 5   [ RunTime:0.003895s ]
SQL: SELECT * FROM `tp_banners` WHERE ( `status` = 1 ) AND ( `agentid` = 0 ) ORDER BY id DESC  [ RunTime:0.003841s ]
SQL: SELECT * FROM `tp_case` WHERE ( `status` = 1 ) AND ( `agentid` = 0 ) ORDER BY id DESC LIMIT 10   [ RunTime:0.003846s ]
SQL: SHOW COLUMNS FROM `tp_news` [ RunTime:0.004493s ]
SQL: SELECT * FROM `tp_news` WHERE ( `agentid` = 0 ) LIMIT 1   [ RunTime:0.003898s ]
SQL: SHOW COLUMNS FROM `tp_img` [ RunTime:0.004955s ]
SQL: SELECT * FROM `tp_img` WHERE ( `classid` = null ) ORDER BY id DESC LIMIT 5   [ RunTime:0.004003s ]
SQL: SELECT * FROM `tp_img` WHERE ( `classid` = null ) ORDER BY id DESC LIMIT 5   [ RunTime:0.003971s ]
SQL: SELECT * FROM `tp_img` WHERE ( `classid` = null ) ORDER BY id DESC LIMIT 5   [ RunTime:0.004014s ]
INFO: [ view_template ] --START--
INFO: Run LocationTemplate Behavior [ RunTime:-0.094867s ]
INFO: [ view_template ] --END-- [ RunTime:0.000234s ]
INFO: [ view_parse ] --START--
NOTIC: [8] Use of undefined constant uid - assumed 'uid' /var/www/html/Conf/logs/Cache/Home/e8edd32bcbb2d7ab2f0f8d14c550c52b.php 第 94 行.
NOTIC: [8] Undefined index: uid /var/www/html/Conf/logs/Cache/Home/e8edd32bcbb2d7ab2f0f8d14c550c52b.php 第 94 行.
INFO: Run ParseTemplate Behavior [ RunTime:-0.095133s ]
INFO: [ view_parse ] --END-- [ RunTime:0.022166s ]
INFO: [ view_filter ] --START--
INFO: Run ContentReplace Behavior [ RunTime:-0.117343s ]
INFO: Run TokenBuild Behavior [ RunTime:-0.117558s ]
INFO: Run WriteHtmlCache Behavior [ RunTime:-0.117827s ]
INFO: Run ShowRuntime Behavior [ RunTime:-0.117942s ]
INFO: [ view_filter ] --END-- [ RunTime:0.000838s ]
INFO: [ view_end ] --START--
INFO: Run ShowPageTrace Behavior [ RunTime:-0.118235s ]
INFO: [ view_end ] --END-- [ RunTime:0.000318s ]

[ 2015-07-03T20:46:29+08:00 ] 114.215.89.192 /
SQL: SHOW COLUMNS FROM `tp_agent` [ RunTime:0.005632s ]
SQL: SELECT * FROM `tp_agent` WHERE ( `siteurl` = 'http://119.29.116.37' ) LIMIT 1   [ RunTime:0.004047s ]
INFO: [ app_begin ] --START--
INFO: Run ReadHtmlCache Behavior [ RunTime:0.000295s ]
INFO: [ app_begin ] --END-- [ RunTime:0.000332s ]
NOTIC: [8] Undefined index: HTTP_USER_AGENT /var/www/html/PigCms/Lib/Action/BaseAction.class.php 第 21 行.
SQL: SHOW COLUMNS FROM `tp_agent` [ RunTime:0.005270s ]
SQL: SELECT * FROM `tp_agent` WHERE ( `siteurl` = 'http://119.29.116.37' ) LIMIT 1   [ RunTime:0.003992s ]
NOTIC: [8] Undefined index: 119.29.116.37nomsite /var/www/html/PigCms/Lib/Action/BaseAction.class.php 第 38 行.
SQL: SHOW COLUMNS FROM `tp_mobilesite` [ RunTime:0.004291s ]
NOTIC: [8] Undefined index: 119.29.116.37 /var/www/html/PigCms/Lib/Action/BaseAction.class.php 第 366 行.
SQL: SELECT * FROM `tp_mobilesite` WHERE ( `owndomain` = '119.29.116.37' ) LIMIT 1   [ RunTime:0.003850s ]
SQL: SELECT * FROM `tp_agent` WHERE ( `siteurl` = 'http://119.29.116.37' ) LIMIT 1   [ RunTime:0.004143s ]
NOTIC: [8] Constant STATICS already defined /var/www/html/PigCms/Lib/Action/BaseAction.class.php 第 119 行.
SQL: SHOW COLUMNS FROM `tp_images` [ RunTime:0.004848s ]
SQL: SELECT * FROM `tp_images` LIMIT 1   [ RunTime:0.004292s ]
NOTIC: [8] Undefined index: showNotice /var/www/html/PigCms/Lib/Action/Home/IndexAction.class.php 第 56 行.
SQL: SHOW COLUMNS FROM `tp_links` [ RunTime:0.004588s ]
SQL: SELECT * FROM `tp_links` WHERE ( `status` = 1 ) AND ( `agentid` = 0 )  [ RunTime:0.004240s ]
SQL: SHOW COLUMNS FROM `tp_renew` [ RunTime:0.004746s ]
SQL: SHOW COLUMNS FROM `tp_banners` [ RunTime:0.005293s ]
SQL: SHOW COLUMNS FROM `tp_case` [ RunTime:0.005765s ]
SQL: SELECT * FROM `tp_renew` WHERE ( `agentid` = 0 ) ORDER BY id DESC LIMIT 5   [ RunTime:0.004437s ]
SQL: SELECT * FROM `tp_banners` WHERE ( `status` = 1 ) AND ( `agentid` = 0 ) ORDER BY id DESC  [ RunTime:0.004262s ]
SQL: SELECT * FROM `tp_case` WHERE ( `status` = 1 ) AND ( `agentid` = 0 ) ORDER BY id DESC LIMIT 10   [ RunTime:0.004265s ]
SQL: SHOW COLUMNS FROM `tp_news` [ RunTime:0.005311s ]
SQL: SELECT * FROM `tp_news` WHERE ( `agentid` = 0 ) LIMIT 1   [ RunTime:0.004639s ]
SQL: SHOW COLUMNS FROM `tp_img` [ RunTime:0.004979s ]
SQL: SELECT * FROM `tp_img` WHERE ( `classid` = null ) ORDER BY id DESC LIMIT 5   [ RunTime:0.004794s ]
SQL: SELECT * FROM `tp_img` WHERE ( `classid` = null ) ORDER BY id DESC LIMIT 5   [ RunTime:0.004399s ]
SQL: SELECT * FROM `tp_img` WHERE ( `classid` = null ) ORDER BY id DESC LIMIT 5   [ RunTime:0.003939s ]
INFO: [ view_template ] --START--
INFO: Run LocationTemplate Behavior [ RunTime:-0.102557s ]
INFO: [ view_template ] --END-- [ RunTime:0.000203s ]
INFO: [ view_parse ] --START--
NOTIC: [8] Use of undefined constant uid - assumed 'uid' /var/www/html/Conf/logs/Cache/Home/e8edd32bcbb2d7ab2f0f8d14c550c52b.php 第 94 行.
NOTIC: [8] Undefined index: uid /var/www/html/Conf/logs/Cache/Home/e8edd32bcbb2d7ab2f0f8d14c550c52b.php 第 94 行.
INFO: Run ParseTemplate Behavior [ RunTime:-0.102787s ]
INFO: [ view_parse ] --END-- [ RunTime:0.021791s ]
INFO: [ view_filter ] --START--
INFO: Run ContentReplace Behavior [ RunTime:-0.124610s ]
INFO: Run TokenBuild Behavior [ RunTime:-0.124825s ]
INFO: Run WriteHtmlCache Behavior [ RunTime:-0.125080s ]
INFO: Run ShowRuntime Behavior [ RunTime:-0.125191s ]
INFO: [ view_filter ] --END-- [ RunTime:0.000839s ]
INFO: [ view_end ] --START--
INFO: Run ShowPageTrace Behavior [ RunTime:-0.125497s ]
INFO: [ view_end ] --END-- [ RunTime:0.000314s ]

[ 2015-07-03T21:09:44+08:00 ] 112.90.78.25 /index.php?g=Home&m=Index&a=login
SQL: SHOW COLUMNS FROM `tp_agent` [ RunTime:0.005792s ]
SQL: SELECT * FROM `tp_agent` WHERE ( `siteurl` = 'http://weixin.blbook.cn' ) LIMIT 1   [ RunTime:0.004644s ]
INFO: [ app_begin ] --START--
INFO: Run ReadHtmlCache Behavior [ RunTime:0.000318s ]
INFO: [ app_begin ] --END-- [ RunTime:0.000367s ]
NOTIC: [8] Undefined index: weixin.blbook.cnnomsite /var/www/html/PigCms/Lib/Action/BaseAction.class.php 第 38 行.
SQL: SHOW COLUMNS FROM `tp_mobilesite` [ RunTime:0.004904s ]
NOTIC: [8] Undefined index: weixin.blbook.cn /var/www/html/PigCms/Lib/Action/BaseAction.class.php 第 366 行.
SQL: SELECT * FROM `tp_mobilesite` WHERE ( `owndomain` = 'weixin.blbook.cn' ) LIMIT 1   [ RunTime:0.004599s ]
SQL: SELECT * FROM `tp_agent` WHERE ( `siteurl` = 'http://weixin.blbook.cn' ) LIMIT 1   [ RunTime:0.004598s ]
NOTIC: [8] Constant STATICS already defined /var/www/html/PigCms/Lib/Action/BaseAction.class.php 第 119 行.
SQL: SHOW COLUMNS FROM `tp_images` [ RunTime:0.004899s ]
SQL: SELECT * FROM `tp_images` LIMIT 1   [ RunTime:0.004486s ]
INFO: [ view_template ] --START--
INFO: Run LocationTemplate Behavior [ RunTime:-0.027142s ]
INFO: [ view_template ] --END-- [ RunTime:0.000200s ]
INFO: [ view_parse ] --START--
NOTIC: [8] Use of undefined constant uid - assumed 'uid' /var/www/html/Conf/logs/Cache/Home/868abcbecb3d62899a3f2504092f7429.php 第 36 行.
NOTIC: [8] Undefined index: uid /var/www/html/Conf/logs/Cache/Home/868abcbecb3d62899a3f2504092f7429.php 第 36 行.
NOTIC: [8] Undefined index: invitecode /var/www/html/Conf/logs/Cache/Home/868abcbecb3d62899a3f2504092f7429.php 第 186 行.
INFO: Run ParseTemplate Behavior [ RunTime:-0.027409s ]
INFO: [ view_parse ] --END-- [ RunTime:0.013166s ]
INFO: [ view_filter ] --START--
INFO: Run ContentReplace Behavior [ RunTime:-0.040601s ]
INFO: Run TokenBuild Behavior [ RunTime:-0.040814s ]
INFO: Run WriteHtmlCache Behavior [ RunTime:-0.041041s ]
INFO: Run ShowRuntime Behavior [ RunTime:-0.041152s ]
INFO: [ view_filter ] --END-- [ RunTime:0.000820s ]
INFO: [ view_end ] --START--
INFO: Run ShowPageTrace Behavior [ RunTime:-0.041466s ]
INFO: [ view_end ] --END-- [ RunTime:0.000339s ]

[ 2015-07-03T22:07:26+08:00 ] 61.151.186.141 /
SQL: SHOW COLUMNS FROM `tp_agent` [ RunTime:0.005283s ]
NOTIC: [8] Undefined index: HTTP_HOST /var/www/html/Lib/Core/App.class.php 第 71 行.
SQL: SELECT * FROM `tp_agent` WHERE ( `siteurl` = 'http://' ) LIMIT 1   [ RunTime:0.003854s ]
INFO: [ app_begin ] --START--
INFO: Run ReadHtmlCache Behavior [ RunTime:0.000371s ]
INFO: [ app_begin ] --END-- [ RunTime:0.000419s ]
NOTIC: [8] Undefined index: HTTP_HOST /var/www/html/Lib/Core/Action.class.php 第 356 行.
NOTIC: [8] Undefined offset: 1 /var/www/html/Lib/Core/Action.class.php 第 57 行.
NOTIC: [8] Undefined index: HTTP_USER_AGENT /var/www/html/PigCms/Lib/Action/BaseAction.class.php 第 21 行.
SQL: SHOW COLUMNS FROM `tp_agent` [ RunTime:0.005330s ]
NOTIC: [8] Undefined index: HTTP_HOST /var/www/html/PigCms/Lib/Action/BaseAction.class.php 第 335 行.
SQL: SELECT * FROM `tp_agent` WHERE ( `siteurl` = 'http://' ) LIMIT 1   [ RunTime:0.003862s ]
NOTIC: [8] Undefined index: HTTP_HOST /var/www/html/PigCms/Lib/Action/BaseAction.class.php 第 339 行.
NOTIC: [8] Undefined index: HTTP_HOST /var/www/html/PigCms/Lib/Action/BaseAction.class.php 第 38 行.
NOTIC: [8] Undefined index: nomsite /var/www/html/PigCms/Lib/Action/BaseAction.class.php 第 38 行.
SQL: SHOW COLUMNS FROM `tp_mobilesite` [ RunTime:0.004095s ]
NOTIC: [8] Undefined index: HTTP_HOST /var/www/html/PigCms/Lib/Action/BaseAction.class.php 第 366 行.
NOTIC: [8] Undefined index:  /var/www/html/PigCms/Lib/Action/BaseAction.class.php 第 366 行.
NOTIC: [8] Undefined index: HTTP_HOST /var/www/html/PigCms/Lib/Action/BaseAction.class.php 第 370 行.
SQL: SELECT * FROM `tp_mobilesite` WHERE ( `owndomain` = null ) LIMIT 1   [ RunTime:0.003937s ]
NOTIC: [8] Undefined index: HTTP_HOST /var/www/html/PigCms/Lib/Action/BaseAction.class.php 第 439 行.
NOTIC: [8] Undefined index: HTTP_HOST /var/www/html/PigCms/Lib/Action/BaseAction.class.php 第 62 行.
SQL: SELECT * FROM `tp_agent` WHERE ( `siteurl` = 'http://' ) LIMIT 1   [ RunTime:0.003833s ]
NOTIC: [8] Constant STATICS already defined /var/www/html/PigCms/Lib/Action/BaseAction.class.php 第 119 行.
SQL: SHOW COLUMNS FROM `tp_images` [ RunTime:0.004126s ]
SQL: SELECT * FROM `tp_images` LIMIT 1   [ RunTime:0.003763s ]
NOTIC: [8] Undefined index: showNotice /var/www/html/PigCms/Lib/Action/Home/IndexAction.class.php 第 56 行.
SQL: SHOW COLUMNS FROM `tp_links` [ RunTime:0.004044s ]
SQL: SELECT * FROM `tp_links` WHERE ( `status` = 1 ) AND ( `agentid` = 0 )  [ RunTime:0.003747s ]
SQL: SHOW COLUMNS FROM `tp_renew` [ RunTime:0.004153s ]
SQL: SHOW COLUMNS FROM `tp_banners` [ RunTime:0.004206s ]
SQL: SHOW COLUMNS FROM `tp_case` [ RunTime:0.004082s ]
SQL: SELECT * FROM `tp_renew` WHERE ( `agentid` = 0 ) ORDER BY id DESC LIMIT 5   [ RunTime:0.003819s ]
SQL: SELECT * FROM `tp_banners` WHERE ( `status` = 1 ) AND ( `agentid` = 0 ) ORDER BY id DESC  [ RunTime:0.003752s ]
SQL: SELECT * FROM `tp_case` WHERE ( `status` = 1 ) AND ( `agentid` = 0 ) ORDER BY id DESC LIMIT 10   [ RunTime:0.003737s ]
SQL: SHOW COLUMNS FROM `tp_news` [ RunTime:0.004496s ]
SQL: SELECT * FROM `tp_news` WHERE ( `agentid` = 0 ) LIMIT 1   [ RunTime:0.003768s ]
SQL: SHOW COLUMNS FROM `tp_img` [ RunTime:0.004598s ]
SQL: SELECT * FROM `tp_img` WHERE ( `classid` = null ) ORDER BY id DESC LIMIT 5   [ RunTime:0.003900s ]
SQL: SELECT * FROM `tp_img` WHERE ( `classid` = null ) ORDER BY id DESC LIMIT 5   [ RunTime:0.003835s ]
SQL: SELECT * FROM `tp_img` WHERE ( `classid` = null ) ORDER BY id DESC LIMIT 5   [ RunTime:0.003808s ]
INFO: [ view_template ] --START--
INFO: Run LocationTemplate Behavior [ RunTime:-0.092102s ]
INFO: [ view_template ] --END-- [ RunTime:0.000264s ]
INFO: [ view_parse ] --START--
NOTIC: [8] Use of undefined constant uid - assumed 'uid' /var/www/html/Conf/logs/Cache/Home/e8edd32bcbb2d7ab2f0f8d14c550c52b.php 第 94 行.
NOTIC: [8] Undefined index: uid /var/www/html/Conf/logs/Cache/Home/e8edd32bcbb2d7ab2f0f8d14c550c52b.php 第 94 行.
INFO: Run ParseTemplate Behavior [ RunTime:-0.092394s ]
INFO: [ view_parse ] --END-- [ RunTime:0.024381s ]
INFO: [ view_filter ] --START--
INFO: Run ContentReplace Behavior [ RunTime:-0.116813s ]
INFO: Run TokenBuild Behavior [ RunTime:-0.117075s ]
INFO: Run WriteHtmlCache Behavior [ RunTime:-0.117325s ]
INFO: Run ShowRuntime Behavior [ RunTime:-0.117441s ]
INFO: [ view_filter ] --END-- [ RunTime:0.000879s ]
INFO: [ view_end ] --START--
INFO: Run ShowPageTrace Behavior [ RunTime:-0.117745s ]
INFO: [ view_end ] --END-- [ RunTime:0.000348s ]

[ 2015-07-03T22:35:15+08:00 ] 101.227.131.143 /index.php
SQL: SHOW COLUMNS FROM `tp_agent` [ RunTime:0.005571s ]
SQL: SELECT * FROM `tp_agent` WHERE ( `siteurl` = 'http://119.29.116.37' ) LIMIT 1   [ RunTime:0.004224s ]
INFO: [ app_begin ] --START--
INFO: Run ReadHtmlCache Behavior [ RunTime:0.000273s ]
INFO: [ app_begin ] --END-- [ RunTime:0.000310s ]
SQL: SHOW COLUMNS FROM `tp_agent` [ RunTime:0.005498s ]
SQL: SELECT * FROM `tp_agent` WHERE ( `siteurl` = 'http://119.29.116.37' ) LIMIT 1   [ RunTime:0.004092s ]
NOTIC: [8] Undefined index: 119.29.116.37nomsite /var/www/html/PigCms/Lib/Action/BaseAction.class.php 第 38 行.
SQL: SHOW COLUMNS FROM `tp_mobilesite` [ RunTime:0.004511s ]
NOTIC: [8] Undefined index: 119.29.116.37 /var/www/html/PigCms/Lib/Action/BaseAction.class.php 第 366 行.
SQL: SELECT * FROM `tp_mobilesite` WHERE ( `owndomain` = '119.29.116.37' ) LIMIT 1   [ RunTime:0.003993s ]
SQL: SELECT * FROM `tp_agent` WHERE ( `siteurl` = 'http://119.29.116.37' ) LIMIT 1   [ RunTime:0.004055s ]
NOTIC: [8] Constant STATICS already defined /var/www/html/PigCms/Lib/Action/BaseAction.class.php 第 119 行.
SQL: SHOW COLUMNS FROM `tp_images` [ RunTime:0.004591s ]
SQL: SELECT * FROM `tp_images` LIMIT 1   [ RunTime:0.003932s ]
NOTIC: [8] Undefined index: showNotice /var/www/html/PigCms/Lib/Action/Home/IndexAction.class.php 第 56 行.
SQL: SHOW COLUMNS FROM `tp_links` [ RunTime:0.004483s ]
SQL: SELECT * FROM `tp_links` WHERE ( `status` = 1 ) AND ( `agentid` = 0 )  [ RunTime:0.003922s ]
SQL: SHOW COLUMNS FROM `tp_renew` [ RunTime:0.004389s ]
SQL: SHOW COLUMNS FROM `tp_banners` [ RunTime:0.004244s ]
SQL: SHOW COLUMNS FROM `tp_case` [ RunTime:0.004409s ]
SQL: SELECT * FROM `tp_renew` WHERE ( `agentid` = 0 ) ORDER BY id DESC LIMIT 5   [ RunTime:0.003939s ]
SQL: SELECT * FROM `tp_banners` WHERE ( `status` = 1 ) AND ( `agentid` = 0 ) ORDER BY id DESC  [ RunTime:0.003942s ]
SQL: SELECT * FROM `tp_case` WHERE ( `status` = 1 ) AND ( `agentid` = 0 ) ORDER BY id DESC LIMIT 10   [ RunTime:0.003992s ]
SQL: SHOW COLUMNS FROM `tp_news` [ RunTime:0.004569s ]
SQL: SELECT * FROM `tp_news` WHERE ( `agentid` = 0 ) LIMIT 1   [ RunTime:0.003984s ]
SQL: SHOW COLUMNS FROM `tp_img` [ RunTime:0.004826s ]
SQL: SELECT * FROM `tp_img` WHERE ( `classid` = null ) ORDER BY id DESC LIMIT 5   [ RunTime:0.004012s ]
SQL: SELECT * FROM `tp_img` WHERE ( `classid` = null ) ORDER BY id DESC LIMIT 5   [ RunTime:0.004058s ]
SQL: SELECT * FROM `tp_img` WHERE ( `classid` = null ) ORDER BY id DESC LIMIT 5   [ RunTime:0.004050s ]
INFO: [ view_template ] --START--
INFO: Run LocationTemplate Behavior [ RunTime:-0.095916s ]
INFO: [ view_template ] --END-- [ RunTime:0.000237s ]
INFO: [ view_parse ] --START--
NOTIC: [8] Use of undefined constant uid - assumed 'uid' /var/www/html/Conf/logs/Cache/Home/e8edd32bcbb2d7ab2f0f8d14c550c52b.php 第 94 行.
NOTIC: [8] Undefined index: uid /var/www/html/Conf/logs/Cache/Home/e8edd32bcbb2d7ab2f0f8d14c550c52b.php 第 94 行.
INFO: Run ParseTemplate Behavior [ RunTime:-0.096185s ]
INFO: [ view_parse ] --END-- [ RunTime:0.021583s ]
INFO: [ view_filter ] --START--
INFO: Run ContentReplace Behavior [ RunTime:-0.117799s ]
INFO: Run TokenBuild Behavior [ RunTime:-0.118045s ]
INFO: Run WriteHtmlCache Behavior [ RunTime:-0.118311s ]
INFO: Run ShowRuntime Behavior [ RunTime:-0.118433s ]
INFO: [ view_filter ] --END-- [ RunTime:0.000867s ]
INFO: [ view_end ] --START--
INFO: Run ShowPageTrace Behavior [ RunTime:-0.118714s ]
INFO: [ view_end ] --END-- [ RunTime:0.000315s ]

[ 2015-07-03T22:35:15+08:00 ] 101.227.131.143 /index.php
SQL: SHOW COLUMNS FROM `tp_agent` [ RunTime:0.004955s ]
SQL: SELECT * FROM `tp_agent` WHERE ( `siteurl` = 'http://119.29.116.37' ) LIMIT 1   [ RunTime:0.003384s ]
INFO: [ app_begin ] --START--
INFO: Run ReadHtmlCache Behavior [ RunTime:0.000405s ]
INFO: [ app_begin ] --END-- [ RunTime:0.000454s ]
SQL: SHOW COLUMNS FROM `tp_agent` [ RunTime:0.005022s ]
SQL: SELECT * FROM `tp_agent` WHERE ( `siteurl` = 'http://119.29.116.37' ) LIMIT 1   [ RunTime:0.003577s ]
NOTIC: [8] Undefined index: 119.29.116.37nomsite /var/www/html/PigCms/Lib/Action/BaseAction.class.php 第 38 行.
SQL: SHOW COLUMNS FROM `tp_mobilesite` [ RunTime:0.003679s ]
NOTIC: [8] Undefined index: 119.29.116.37 /var/www/html/PigCms/Lib/Action/BaseAction.class.php 第 366 行.
SQL: SELECT * FROM `tp_mobilesite` WHERE ( `owndomain` = '119.29.116.37' ) LIMIT 1   [ RunTime:0.003224s ]
SQL: SELECT * FROM `tp_agent` WHERE ( `siteurl` = 'http://119.29.116.37' ) LIMIT 1   [ RunTime:0.003362s ]
NOTIC: [8] Constant STATICS already defined /var/www/html/PigCms/Lib/Action/BaseAction.class.php 第 119 行.
SQL: SHOW COLUMNS FROM `tp_images` [ RunTime:0.003701s ]
SQL: SELECT * FROM `tp_images` LIMIT 1   [ RunTime:0.003312s ]
NOTIC: [8] Undefined index: showNotice /var/www/html/PigCms/Lib/Action/Home/IndexAction.class.php 第 56 行.
SQL: SHOW COLUMNS FROM `tp_links` [ RunTime:0.003613s ]
SQL: SELECT * FROM `tp_links` WHERE ( `status` = 1 ) AND ( `agentid` = 0 )  [ RunTime:0.003250s ]
SQL: SHOW COLUMNS FROM `tp_renew` [ RunTime:0.003811s ]
SQL: SHOW COLUMNS FROM `tp_banners` [ RunTime:0.003653s ]
SQL: SHOW COLUMNS FROM `tp_case` [ RunTime:0.003794s ]
SQL: SELECT * FROM `tp_renew` WHERE ( `agentid` = 0 ) ORDER BY id DESC LIMIT 5   [ RunTime:0.003333s ]
SQL: SELECT * FROM `tp_banners` WHERE ( `status` = 1 ) AND ( `agentid` = 0 ) ORDER BY id DESC  [ RunTime:0.003350s ]
SQL: SELECT * FROM `tp_case` WHERE ( `status` = 1 ) AND ( `agentid` = 0 ) ORDER BY id DESC LIMIT 10   [ RunTime:0.003265s ]
SQL: SHOW COLUMNS FROM `tp_news` [ RunTime:0.004241s ]
SQL: SELECT * FROM `tp_news` WHERE ( `agentid` = 0 ) LIMIT 1   [ RunTime:0.003327s ]
SQL: SHOW COLUMNS FROM `tp_img` [ RunTime:0.004228s ]
SQL: SELECT * FROM `tp_img` WHERE ( `classid` = null ) ORDER BY id DESC LIMIT 5   [ RunTime:0.003325s ]
SQL: SELECT * FROM `tp_img` WHERE ( `classid` = null ) ORDER BY id DESC LIMIT 5   [ RunTime:0.003306s ]
SQL: SELECT * FROM `tp_img` WHERE ( `classid` = null ) ORDER BY id DESC LIMIT 5   [ RunTime:0.003306s ]
INFO: [ view_template ] --START--
INFO: Run LocationTemplate Behavior [ RunTime:-0.084082s ]
INFO: [ view_template ] --END-- [ RunTime:0.000228s ]
INFO: [ view_parse ] --START--
NOTIC: [8] Use of undefined constant uid - assumed 'uid' /var/www/html/Conf/logs/Cache/Home/e8edd32bcbb2d7ab2f0f8d14c550c52b.php 第 94 行.
NOTIC: [8] Undefined index: uid /var/www/html/Conf/logs/Cache/Home/e8edd32bcbb2d7ab2f0f8d14c550c52b.php 第 94 行.
INFO: Run ParseTemplate Behavior [ RunTime:-0.084341s ]
INFO: [ view_parse ] --END-- [ RunTime:0.022921s ]
INFO: [ view_filter ] --START--
INFO: Run ContentReplace Behavior [ RunTime:-0.107294s ]
INFO: Run TokenBuild Behavior [ RunTime:-0.107553s ]
INFO: Run WriteHtmlCache Behavior [ RunTime:-0.107825s ]
INFO: Run ShowRuntime Behavior [ RunTime:-0.107946s ]
INFO: [ view_filter ] --END-- [ RunTime:0.000891s ]
INFO: [ view_end ] --START--
INFO: Run ShowPageTrace Behavior [ RunTime:-0.108237s ]
INFO: [ view_end ] --END-- [ RunTime:0.000351s ]

